[0430/013702:ERROR:crash_report_database_win.cc(549)] CreateDirectory C:\Users\в‚¬Р€В­В РІРјТђСћ Р‹В«ТђР€\AppData\Local\Google\Chrome\User Data: Системе не удается найти указанный путь. (0x3)
[0430/013702:ERROR:registration_protocol_win.cc(82)] TransactNamedPipe: Канал был закрыт. (0x6D)
[0430/013702:ERROR:crash_report_database_win.cc(549)] CreateDirectory C:\Users\в‚¬Р€В­В РІРјТђСћ Р‹В«ТђР€\AppData\Local\Google\Chrome\User Data: Системе не удается найти указанный путь. (0x3)
[0430/014954:ERROR:crash_report_database_win.cc(549)] CreateDirectory C:\Users\в‚¬Р€В­В РІРјТђСћ Р‹В«ТђР€\AppData\Local\Google\Chrome\User Data: Системе не удается найти указанный путь. (0x3)
[0430/014954:ERROR:registration_protocol_win.cc(82)] TransactNamedPipe: Канал был закрыт. (0x6D)
[0430/014954:ERROR:crash_report_database_win.cc(549)] CreateDirectory C:\Users\в‚¬Р€В­В РІРјТђСћ Р‹В«ТђР€\AppData\Local\Google\Chrome\User Data: Системе не удается найти указанный путь. (0x3)
[0430/205647:ERROR:file_io.cc(30)] read: expected 4, observed 0
[0430/205647:ERROR:crash_report_database_win.cc(549)] CreateDirectory : Системе не удается найти указанный путь. (0x3)
[0430/205855:ERROR:crash_report_database_win.cc(549)] CreateDirectory C:\Users\в‚¬Р€В­В РІРјТђСћ Р‹В«ТђР€\AppData\Local\Google\Chrome\User Data: Системе не удается найти указанный путь. (0x3)
[0430/205855:ERROR:registration_protocol_win.cc(82)] TransactNamedPipe: Канал был закрыт. (0x6D)
[0430/205855:ERROR:crash_report_database_win.cc(549)] CreateDirectory C:\Users\в‚¬Р€В­В РІРјТђСћ Р‹В«ТђР€\AppData\Local\Google\Chrome\User Data: Системе не удается найти указанный путь. (0x3)
[0430/210147:ERROR:crash_report_database_win.cc(549)] CreateDirectory C:\Users\в‚¬Р€В­В РІРјТђСћ Р‹В«ТђР€\AppData\Local\Google\Chrome\User Data: Системе не удается найти указанный путь. (0x3)
[0430/210147:ERROR:registration_protocol_win.cc(82)] TransactNamedPipe: Канал был закрыт. (0x6D)
[0430/210147:ERROR:crash_report_database_win.cc(549)] CreateDirectory C:\Users\в‚¬Р€В­В РІРјТђСћ Р‹В«ТђР€\AppData\Local\Google\Chrome\User Data: Системе не удается найти указанный путь. (0x3)
[0430/215831:ERROR:crash_report_database_win.cc(549)] CreateDirectory C:\Users\в‚¬Р€В­В РІРјТђСћ Р‹В«ТђР€\AppData\Local\Google\Chrome\User Data: Системе не удается найти указанный путь. (0x3)
[0430/215831:ERROR:registration_protocol_win.cc(82)] TransactNamedPipe: Канал был закрыт. (0x6D)
[0430/215831:ERROR:crash_report_database_win.cc(549)] CreateDirectory C:\Users\в‚¬Р€В­В РІРјТђСћ Р‹В«ТђР€\AppData\Local\Google\Chrome\User Data: Системе не удается найти указанный путь. (0x3)
[0430/220320:ERROR:crash_report_database_win.cc(549)] CreateDirectory C:\Users\в‚¬Р€В­В РІРјТђСћ Р‹В«ТђР€\AppData\Local\Google\Chrome\User Data: Системе не удается найти указанный путь. (0x3)
[0430/220320:ERROR:registration_protocol_win.cc(82)] TransactNamedPipe: Канал был закрыт. (0x6D)
[0430/220320:ERROR:crash_report_database_win.cc(549)] CreateDirectory C:\Users\в‚¬Р€В­В РІРјТђСћ Р‹В«ТђР€\AppData\Local\Google\Chrome\User Data: Системе не удается найти указанный путь. (0x3)
[0430/220522:ERROR:crash_report_database_win.cc(549)] CreateDirectory C:\Users\в‚¬Р€В­В РІРјТђСћ Р‹В«ТђР€\AppData\Local\Google\Chrome\User Data: Системе не удается найти указанный путь. (0x3)
[0430/220522:ERROR:registration_protocol_win.cc(82)] TransactNamedPipe: Канал был закрыт. (0x6D)
[0430/220522:ERROR:crash_report_database_win.cc(549)] CreateDirectory C:\Users\в‚¬Р€В­В РІРјТђСћ Р‹В«ТђР€\AppData\Local\Google\Chrome\User Data: Системе не удается найти указанный путь. (0x3)
[0430/220721:ERROR:crash_report_database_win.cc(549)] CreateDirectory C:\Users\в‚¬Р€В­В РІРјТђСћ Р‹В«ТђР€\AppData\Local\Google\Chrome\User Data: Системе не удается найти указанный путь. (0x3)
[0430/220721:ERROR:registration_protocol_win.cc(82)] TransactNamedPipe: Канал был закрыт. (0x6D)
[0430/220721:ERROR:crash_report_database_win.cc(549)] CreateDirectory C:\Users\в‚¬Р€В­В РІРјТђСћ Р‹В«ТђР€\AppData\Local\Google\Chrome\User Data: Системе не удается найти указанный путь. (0x3)
[0430/221129:ERROR:crash_report_database_win.cc(549)] CreateDirectory C:\Users\в‚¬Р€В­В РІРјТђСћ Р‹В«ТђР€\AppData\Local\Google\Chrome\User Data: Системе не удается найти указанный путь. (0x3)
[0430/221129:ERROR:registration_protocol_win.cc(82)] TransactNamedPipe: Канал был закрыт. (0x6D)
[0430/221129:ERROR:crash_report_database_win.cc(549)] CreateDirectory C:\Users\в‚¬Р€В­В РІРјТђСћ Р‹В«ТђР€\AppData\Local\Google\Chrome\User Data: Системе не удается найти указанный путь. (0x3)
[0430/221410:ERROR:crash_report_database_win.cc(549)] CreateDirectory C:\Users\в‚¬Р€В­В РІРјТђСћ Р‹В«ТђР€\AppData\Local\Google\Chrome\User Data: Системе не удается найти указанный путь. (0x3)
[0430/221410:ERROR:registration_protocol_win.cc(82)] TransactNamedPipe: Канал был закрыт. (0x6D)
[0430/221410:ERROR:crash_report_database_win.cc(549)] CreateDirectory C:\Users\в‚¬Р€В­В РІРјТђСћ Р‹В«ТђР€\AppData\Local\Google\Chrome\User Data: Системе не удается найти указанный путь. (0x3)
[0430/221535:ERROR:crash_report_database_win.cc(549)] CreateDirectory C:\Users\в‚¬Р€В­В РІРјТђСћ Р‹В«ТђР€\AppData\Local\Google\Chrome\User Data: Системе не удается найти указанный путь. (0x3)
[0430/221535:ERROR:registration_protocol_win.cc(82)] TransactNamedPipe: Канал был закрыт. (0x6D)
[0430/221535:ERROR:crash_report_database_win.cc(549)] CreateDirectory C:\Users\в‚¬Р€В­В РІРјТђСћ Р‹В«ТђР€\AppData\Local\Google\Chrome\User Data: Системе не удается найти указанный путь. (0x3)
[0430/222211:ERROR:crash_report_database_win.cc(549)] CreateDirectory C:\Users\в‚¬Р€В­В РІРјТђСћ Р‹В«ТђР€\AppData\Local\Google\Chrome\User Data: Системе не удается найти указанный путь. (0x3)
[0430/222211:ERROR:registration_protocol_win.cc(82)] TransactNamedPipe: Канал был закрыт. (0x6D)
[0430/222211:ERROR:crash_report_database_win.cc(549)] CreateDirectory C:\Users\в‚¬Р€В­В РІРјТђСћ Р‹В«ТђР€\AppData\Local\Google\Chrome\User Data: Системе не удается найти указанный путь. (0x3)
[0430/225542:ERROR:crash_report_database_win.cc(549)] CreateDirectory C:\Users\в‚¬Р€В­В РІРјТђСћ Р‹В«ТђР€\AppData\Local\Google\Chrome\User Data: Системе не удается найти указанный путь. (0x3)
[0430/225542:ERROR:registration_protocol_win.cc(82)] TransactNamedPipe: Канал был закрыт. (0x6D)
[0430/225542:ERROR:crash_report_database_win.cc(549)] CreateDirectory C:\Users\в‚¬Р€В­В РІРјТђСћ Р‹В«ТђР€\AppData\Local\Google\Chrome\User Data: Системе не удается найти указанный путь. (0x3)
[0430/232051:ERROR:crash_report_database_win.cc(549)] CreateDirectory C:\Users\в‚¬Р€В­В РІРјТђСћ Р‹В«ТђР€\AppData\Local\Google\Chrome\User Data: Системе не удается найти указанный путь. (0x3)
[0430/232051:ERROR:registration_protocol_win.cc(82)] TransactNamedPipe: Канал был закрыт. (0x6D)
[0430/232051:ERROR:crash_report_database_win.cc(549)] CreateDirectory C:\Users\в‚¬Р€В­В РІРјТђСћ Р‹В«ТђР€\AppData\Local\Google\Chrome\User Data: Системе не удается найти указанный путь. (0x3)
[0430/232645:ERROR:crash_report_database_win.cc(549)] CreateDirectory C:\Users\в‚¬Р€В­В РІРјТђСћ Р‹В«ТђР€\AppData\Local\Google\Chrome\User Data: Системе не удается найти указанный путь. (0x3)
[0430/232645:ERROR:registration_protocol_win.cc(82)] TransactNamedPipe: Канал был закрыт. (0x6D)
[0430/232645:ERROR:crash_report_database_win.cc(549)] CreateDirectory C:\Users\в‚¬Р€В­В РІРјТђСћ Р‹В«ТђР€\AppData\Local\Google\Chrome\User Data: Системе не удается найти указанный путь. (0x3)
[0501/000026:ERROR:crash_report_database_win.cc(549)] CreateDirectory C:\Users\в‚¬Р€В­В РІРјТђСћ Р‹В«ТђР€\AppData\Local\Google\Chrome\User Data: Системе не удается найти указанный путь. (0x3)
[0501/000026:ERROR:registration_protocol_win.cc(82)] TransactNamedPipe: Канал был закрыт. (0x6D)
[0501/000026:ERROR:crash_report_database_win.cc(549)] CreateDirectory C:\Users\в‚¬Р€В­В РІРјТђСћ Р‹В«ТђР€\AppData\Local\Google\Chrome\User Data: Системе не удается найти указанный путь. (0x3)
[0501/000101:ERROR:crash_report_database_win.cc(549)] CreateDirectory C:\Users\в‚¬Р€В­В РІРјТђСћ Р‹В«ТђР€\AppData\Local\Google\Chrome\User Data: Системе не удается найти указанный путь. (0x3)
[0501/000101:ERROR:registration_protocol_win.cc(82)] TransactNamedPipe: Канал был закрыт. (0x6D)
[0501/000101:ERROR:crash_report_database_win.cc(549)] CreateDirectory C:\Users\в‚¬Р€В­В РІРјТђСћ Р‹В«ТђР€\AppData\Local\Google\Chrome\User Data: Системе не удается найти указанный путь. (0x3)
[0501/000424:ERROR:crash_report_database_win.cc(549)] CreateDirectory C:\Users\в‚¬Р€В­В РІРјТђСћ Р‹В«ТђР€\AppData\Local\Google\Chrome\User Data: Системе не удается найти указанный путь. (0x3)
[0501/000424:ERROR:registration_protocol_win.cc(82)] TransactNamedPipe: Канал был закрыт. (0x6D)
[0501/000424:ERROR:crash_report_database_win.cc(549)] CreateDirectory C:\Users\в‚¬Р€В­В РІРјТђСћ Р‹В«ТђР€\AppData\Local\Google\Chrome\User Data: Системе не удается найти указанный путь. (0x3)
[0501/000528:ERROR:crash_report_database_win.cc(549)] CreateDirectory C:\Users\в‚¬Р€В­В РІРјТђСћ Р‹В«ТђР€\AppData\Local\Google\Chrome\User Data: Системе не удается найти указанный путь. (0x3)
[0501/000528:ERROR:registration_protocol_win.cc(82)] TransactNamedPipe: Канал был закрыт. (0x6D)
[0501/000528:ERROR:crash_report_database_win.cc(549)] CreateDirectory C:\Users\в‚¬Р€В­В РІРјТђСћ Р‹В«ТђР€\AppData\Local\Google\Chrome\User Data: Системе не удается найти указанный путь. (0x3)
[0501/000642:ERROR:crash_report_database_win.cc(549)] CreateDirectory C:\Users\в‚¬Р€В­В РІРјТђСћ Р‹В«ТђР€\AppData\Local\Google\Chrome\User Data: Системе не удается найти указанный путь. (0x3)
[0501/000642:ERROR:registration_protocol_win.cc(82)] TransactNamedPipe: Канал был закрыт. (0x6D)
[0501/000642:ERROR:crash_report_database_win.cc(549)] CreateDirectory C:\Users\в‚¬Р€В­В РІРјТђСћ Р‹В«ТђР€\AppData\Local\Google\Chrome\User Data: Системе не удается найти указанный путь. (0x3)
[0501/001020:ERROR:crash_report_database_win.cc(549)] CreateDirectory C:\Users\в‚¬Р€В­В РІРјТђСћ Р‹В«ТђР€\AppData\Local\Google\Chrome\User Data: Системе не удается найти указанный путь. (0x3)
[0501/001020:ERROR:registration_protocol_win.cc(82)] TransactNamedPipe: Канал был закрыт. (0x6D)
[0501/001020:ERROR:crash_report_database_win.cc(549)] CreateDirectory C:\Users\в‚¬Р€В­В РІРјТђСћ Р‹В«ТђР€\AppData\Local\Google\Chrome\User Data: Системе не удается найти указанный путь. (0x3)
[0501/002417:ERROR:crash_report_database_win.cc(549)] CreateDirectory C:\Users\в‚¬Р€В­В РІРјТђСћ Р‹В«ТђР€\AppData\Local\Google\Chrome\User Data: Системе не удается найти указанный путь. (0x3)
[0501/002417:ERROR:registration_protocol_win.cc(82)] TransactNamedPipe: Канал был закрыт. (0x6D)
[0501/002417:ERROR:crash_report_database_win.cc(549)] CreateDirectory C:\Users\в‚¬Р€В­В РІРјТђСћ Р‹В«ТђР€\AppData\Local\Google\Chrome\User Data: Системе не удается найти указанный путь. (0x3)
[0501/002735:ERROR:crash_report_database_win.cc(549)] CreateDirectory C:\Users\в‚¬Р€В­В РІРјТђСћ Р‹В«ТђР€\AppData\Local\Google\Chrome\User Data: Системе не удается найти указанный путь. (0x3)
[0501/002735:ERROR:registration_protocol_win.cc(82)] TransactNamedPipe: Канал был закрыт. (0x6D)
[0501/002735:ERROR:crash_report_database_win.cc(549)] CreateDirectory C:\Users\в‚¬Р€В­В РІРјТђСћ Р‹В«ТђР€\AppData\Local\Google\Chrome\User Data: Системе не удается найти указанный путь. (0x3)
[0501/130848:ERROR:crash_report_database_win.cc(549)] CreateDirectory C:\Users\в‚¬Р€В­В РІРјТђСћ Р‹В«ТђР€\AppData\Local\Google\Chrome\User Data: Системе не удается найти указанный путь. (0x3)
[0501/130848:ERROR:registration_protocol_win.cc(82)] TransactNamedPipe: Канал был закрыт. (0x6D)
[0501/130848:ERROR:crash_report_database_win.cc(549)] CreateDirectory C:\Users\в‚¬Р€В­В РІРјТђСћ Р‹В«ТђР€\AppData\Local\Google\Chrome\User Data: Системе не удается найти указанный путь. (0x3)
[0501/131509:ERROR:crash_report_database_win.cc(549)] CreateDirectory C:\Users\в‚¬Р€В­В РІРјТђСћ Р‹В«ТђР€\AppData\Local\Google\Chrome\User Data: Системе не удается найти указанный путь. (0x3)
[0501/131509:ERROR:registration_protocol_win.cc(82)] TransactNamedPipe: Канал был закрыт. (0x6D)
[0501/131509:ERROR:crash_report_database_win.cc(549)] CreateDirectory C:\Users\в‚¬Р€В­В РІРјТђСћ Р‹В«ТђР€\AppData\Local\Google\Chrome\User Data: Системе не удается найти указанный путь. (0x3)
[0501/132407:ERROR:crash_report_database_win.cc(549)] CreateDirectory C:\Users\в‚¬Р€В­В РІРјТђСћ Р‹В«ТђР€\AppData\Local\Google\Chrome\User Data: Системе не удается найти указанный путь. (0x3)
[0501/132407:ERROR:registration_protocol_win.cc(82)] TransactNamedPipe: Канал был закрыт. (0x6D)
[0501/132407:ERROR:crash_report_database_win.cc(549)] CreateDirectory C:\Users\в‚¬Р€В­В РІРјТђСћ Р‹В«ТђР€\AppData\Local\Google\Chrome\User Data: Системе не удается найти указанный путь. (0x3)
[0501/132744:ERROR:crash_report_database_win.cc(549)] CreateDirectory C:\Users\в‚¬Р€В­В РІРјТђСћ Р‹В«ТђР€\AppData\Local\Google\Chrome\User Data: Системе не удается найти указанный путь. (0x3)
[0501/132744:ERROR:registration_protocol_win.cc(82)] TransactNamedPipe: Канал был закрыт. (0x6D)
[0501/132744:ERROR:crash_report_database_win.cc(549)] CreateDirectory C:\Users\в‚¬Р€В­В РІРјТђСћ Р‹В«ТђР€\AppData\Local\Google\Chrome\User Data: Системе не удается найти указанный путь. (0x3)
[0501/133136:ERROR:crash_report_database_win.cc(549)] CreateDirectory C:\Users\в‚¬Р€В­В РІРјТђСћ Р‹В«ТђР€\AppData\Local\Google\Chrome\User Data: Системе не удается найти указанный путь. (0x3)
[0501/133136:ERROR:registration_protocol_win.cc(82)] TransactNamedPipe: Канал был закрыт. (0x6D)
[0501/133136:ERROR:crash_report_database_win.cc(549)] CreateDirectory C:\Users\в‚¬Р€В­В РІРјТђСћ Р‹В«ТђР€\AppData\Local\Google\Chrome\User Data: Системе не удается найти указанный путь. (0x3)
[0501/133417:ERROR:crash_report_database_win.cc(549)] CreateDirectory C:\Users\в‚¬Р€В­В РІРјТђСћ Р‹В«ТђР€\AppData\Local\Google\Chrome\User Data: Системе не удается найти указанный путь. (0x3)
[0501/133417:ERROR:registration_protocol_win.cc(82)] TransactNamedPipe: Канал был закрыт. (0x6D)
[0501/133417:ERROR:crash_report_database_win.cc(549)] CreateDirectory C:\Users\в‚¬Р€В­В РІРјТђСћ Р‹В«ТђР€\AppData\Local\Google\Chrome\User Data: Системе не удается найти указанный путь. (0x3)
[0501/133823:ERROR:crash_report_database_win.cc(549)] CreateDirectory C:\Users\в‚¬Р€В­В РІРјТђСћ Р‹В«ТђР€\AppData\Local\Google\Chrome\User Data: Системе не удается найти указанный путь. (0x3)
[0501/133823:ERROR:registration_protocol_win.cc(82)] TransactNamedPipe: Канал был закрыт. (0x6D)
[0501/133823:ERROR:crash_report_database_win.cc(549)] CreateDirectory C:\Users\в‚¬Р€В­В РІРјТђСћ Р‹В«ТђР€\AppData\Local\Google\Chrome\User Data: Системе не удается найти указанный путь. (0x3)
[0501/134306:ERROR:crash_report_database_win.cc(549)] CreateDirectory C:\Users\в‚¬Р€В­В РІРјТђСћ Р‹В«ТђР€\AppData\Local\Google\Chrome\User Data: Системе не удается найти указанный путь. (0x3)
[0501/134306:ERROR:registration_protocol_win.cc(82)] TransactNamedPipe: Канал был закрыт. (0x6D)
[0501/134306:ERROR:crash_report_database_win.cc(549)] CreateDirectory C:\Users\в‚¬Р€В­В РІРјТђСћ Р‹В«ТђР€\AppData\Local\Google\Chrome\User Data: Системе не удается найти указанный путь. (0x3)
[0501/134817:ERROR:crash_report_database_win.cc(549)] CreateDirectory C:\Users\в‚¬Р€В­В РІРјТђСћ Р‹В«ТђР€\AppData\Local\Google\Chrome\User Data: Системе не удается найти указанный путь. (0x3)
[0501/134817:ERROR:registration_protocol_win.cc(82)] TransactNamedPipe: Канал был закрыт. (0x6D)
[0501/134817:ERROR:crash_report_database_win.cc(549)] CreateDirectory C:\Users\в‚¬Р€В­В РІРјТђСћ Р‹В«ТђР€\AppData\Local\Google\Chrome\User Data: Системе не удается найти указанный путь. (0x3)
[0501/135510:ERROR:crash_report_database_win.cc(549)] CreateDirectory C:\Users\в‚¬Р€В­В РІРјТђСћ Р‹В«ТђР€\AppData\Local\Google\Chrome\User Data: Системе не удается найти указанный путь. (0x3)
[0501/135510:ERROR:registration_protocol_win.cc(82)] TransactNamedPipe: Канал был закрыт. (0x6D)
[0501/135510:ERROR:crash_report_database_win.cc(549)] CreateDirectory C:\Users\в‚¬Р€В­В РІРјТђСћ Р‹В«ТђР€\AppData\Local\Google\Chrome\User Data: Системе не удается найти указанный путь. (0x3)
[0501/141152:ERROR:crash_report_database_win.cc(549)] CreateDirectory C:\Users\в‚¬Р€В­В РІРјТђСћ Р‹В«ТђР€\AppData\Local\Google\Chrome\User Data: Системе не удается найти указанный путь. (0x3)
[0501/141152:ERROR:registration_protocol_win.cc(82)] TransactNamedPipe: Канал был закрыт. (0x6D)
[0501/141152:ERROR:crash_report_database_win.cc(549)] CreateDirectory C:\Users\в‚¬Р€В­В РІРјТђСћ Р‹В«ТђР€\AppData\Local\Google\Chrome\User Data: Системе не удается найти указанный путь. (0x3)
[0501/142439:ERROR:crash_report_database_win.cc(549)] CreateDirectory C:\Users\в‚¬Р€В­В РІРјТђСћ Р‹В«ТђР€\AppData\Local\Google\Chrome\User Data: Системе не удается найти указанный путь. (0x3)
[0501/142439:ERROR:registration_protocol_win.cc(82)] TransactNamedPipe: Канал был закрыт. (0x6D)
[0501/142439:ERROR:crash_report_database_win.cc(549)] CreateDirectory C:\Users\в‚¬Р€В­В РІРјТђСћ Р‹В«ТђР€\AppData\Local\Google\Chrome\User Data: Системе не удается найти указанный путь. (0x3)
[0501/142706:ERROR:crash_report_database_win.cc(549)] CreateDirectory C:\Users\в‚¬Р€В­В РІРјТђСћ Р‹В«ТђР€\AppData\Local\Google\Chrome\User Data: Системе не удается найти указанный путь. (0x3)
[0501/142706:ERROR:registration_protocol_win.cc(82)] TransactNamedPipe: Канал был закрыт. (0x6D)
[0501/142706:ERROR:crash_report_database_win.cc(549)] CreateDirectory C:\Users\в‚¬Р€В­В РІРјТђСћ Р‹В«ТђР€\AppData\Local\Google\Chrome\User Data: Системе не удается найти указанный путь. (0x3)
[0501/143058:ERROR:crash_report_database_win.cc(549)] CreateDirectory C:\Users\в‚¬Р€В­В РІРјТђСћ Р‹В«ТђР€\AppData\Local\Google\Chrome\User Data: Системе не удается найти указанный путь. (0x3)
[0501/143058:ERROR:registration_protocol_win.cc(82)] TransactNamedPipe: Канал был закрыт. (0x6D)
[0501/143058:ERROR:crash_report_database_win.cc(549)] CreateDirectory C:\Users\в‚¬Р€В­В РІРјТђСћ Р‹В«ТђР€\AppData\Local\Google\Chrome\User Data: Системе не удается найти указанный путь. (0x3)
[0501/143300:ERROR:crash_report_database_win.cc(549)] CreateDirectory C:\Users\в‚¬Р€В­В РІРјТђСћ Р‹В«ТђР€\AppData\Local\Google\Chrome\User Data: Системе не удается найти указанный путь. (0x3)
[0501/143300:ERROR:registration_protocol_win.cc(82)] TransactNamedPipe: Канал был закрыт. (0x6D)
[0501/143300:ERROR:crash_report_database_win.cc(549)] CreateDirectory C:\Users\в‚¬Р€В­В РІРјТђСћ Р‹В«ТђР€\AppData\Local\Google\Chrome\User Data: Системе не удается найти указанный путь. (0x3)
[0501/151512:ERROR:crash_report_database_win.cc(549)] CreateDirectory C:\Users\в‚¬Р€В­В РІРјТђСћ Р‹В«ТђР€\AppData\Local\Google\Chrome\User Data: Системе не удается найти указанный путь. (0x3)
[0501/151512:ERROR:registration_protocol_win.cc(82)] TransactNamedPipe: Канал был закрыт. (0x6D)
[0501/151512:ERROR:crash_report_database_win.cc(549)] CreateDirectory C:\Users\в‚¬Р€В­В РІРјТђСћ Р‹В«ТђР€\AppData\Local\Google\Chrome\User Data: Системе не удается найти указанный путь. (0x3)
[0501/152758:ERROR:crash_report_database_win.cc(549)] CreateDirectory C:\Users\в‚¬Р€В­В РІРјТђСћ Р‹В«ТђР€\AppData\Local\Google\Chrome\User Data: Системе не удается найти указанный путь. (0x3)
[0501/152758:ERROR:registration_protocol_win.cc(82)] TransactNamedPipe: Канал был закрыт. (0x6D)
[0501/152758:ERROR:crash_report_database_win.cc(549)] CreateDirectory C:\Users\в‚¬Р€В­В РІРјТђСћ Р‹В«ТђР€\AppData\Local\Google\Chrome\User Data: Системе не удается найти указанный путь. (0x3)
[0501/152950:ERROR:crash_report_database_win.cc(549)] CreateDirectory C:\Users\в‚¬Р€В­В РІРјТђСћ Р‹В«ТђР€\AppData\Local\Google\Chrome\User Data: Системе не удается найти указанный путь. (0x3)
[0501/152950:ERROR:registration_protocol_win.cc(82)] TransactNamedPipe: Канал был закрыт. (0x6D)
[0501/152950:ERROR:crash_report_database_win.cc(549)] CreateDirectory C:\Users\в‚¬Р€В­В РІРјТђСћ Р‹В«ТђР€\AppData\Local\Google\Chrome\User Data: Системе не удается найти указанный путь. (0x3)
[0501/153150:ERROR:crash_report_database_win.cc(549)] CreateDirectory C:\Users\в‚¬Р€В­В РІРјТђСћ Р‹В«ТђР€\AppData\Local\Google\Chrome\User Data: Системе не удается найти указанный путь. (0x3)
[0501/153150:ERROR:registration_protocol_win.cc(82)] TransactNamedPipe: Канал был закрыт. (0x6D)
[0501/153150:ERROR:crash_report_database_win.cc(549)] CreateDirectory C:\Users\в‚¬Р€В­В РІРјТђСћ Р‹В«ТђР€\AppData\Local\Google\Chrome\User Data: Системе не удается найти указанный путь. (0x3)
[0501/153936:ERROR:crash_report_database_win.cc(549)] CreateDirectory C:\Users\в‚¬Р€В­В РІРјТђСћ Р‹В«ТђР€\AppData\Local\Google\Chrome\User Data: Системе не удается найти указанный путь. (0x3)
[0501/153936:ERROR:registration_protocol_win.cc(82)] TransactNamedPipe: Канал был закрыт. (0x6D)
[0501/153936:ERROR:crash_report_database_win.cc(549)] CreateDirectory C:\Users\в‚¬Р€В­В РІРјТђСћ Р‹В«ТђР€\AppData\Local\Google\Chrome\User Data: Системе не удается найти указанный путь. (0x3)
[0501/154215:ERROR:crash_report_database_win.cc(549)] CreateDirectory C:\Users\в‚¬Р€В­В РІРјТђСћ Р‹В«ТђР€\AppData\Local\Google\Chrome\User Data: Системе не удается найти указанный путь. (0x3)
[0501/154215:ERROR:registration_protocol_win.cc(82)] TransactNamedPipe: Канал был закрыт. (0x6D)
[0501/154215:ERROR:crash_report_database_win.cc(549)] CreateDirectory C:\Users\в‚¬Р€В­В РІРјТђСћ Р‹В«ТђР€\AppData\Local\Google\Chrome\User Data: Системе не удается найти указанный путь. (0x3)
[0501/154501:ERROR:crash_report_database_win.cc(549)] CreateDirectory C:\Users\в‚¬Р€В­В РІРјТђСћ Р‹В«ТђР€\AppData\Local\Google\Chrome\User Data: Системе не удается найти указанный путь. (0x3)
[0501/154501:ERROR:registration_protocol_win.cc(82)] TransactNamedPipe: Канал был закрыт. (0x6D)
[0501/154501:ERROR:crash_report_database_win.cc(549)] CreateDirectory C:\Users\в‚¬Р€В­В РІРјТђСћ Р‹В«ТђР€\AppData\Local\Google\Chrome\User Data: Системе не удается найти указанный путь. (0x3)
[0501/154713:ERROR:crash_report_database_win.cc(549)] CreateDirectory C:\Users\в‚¬Р€В­В РІРјТђСћ Р‹В«ТђР€\AppData\Local\Google\Chrome\User Data: Системе не удается найти указанный путь. (0x3)
[0501/154713:ERROR:registration_protocol_win.cc(82)] TransactNamedPipe: Канал был закрыт. (0x6D)
[0501/154713:ERROR:crash_report_database_win.cc(549)] CreateDirectory C:\Users\в‚¬Р€В­В РІРјТђСћ Р‹В«ТђР€\AppData\Local\Google\Chrome\User Data: Системе не удается найти указанный путь. (0x3)
[0501/155256:ERROR:crash_report_database_win.cc(549)] CreateDirectory C:\Users\в‚¬Р€В­В РІРјТђСћ Р‹В«ТђР€\AppData\Local\Google\Chrome\User Data: Системе не удается найти указанный путь. (0x3)
[0501/155256:ERROR:registration_protocol_win.cc(82)] TransactNamedPipe: Канал был закрыт. (0x6D)
[0501/155256:ERROR:crash_report_database_win.cc(549)] CreateDirectory C:\Users\в‚¬Р€В­В РІРјТђСћ Р‹В«ТђР€\AppData\Local\Google\Chrome\User Data: Системе не удается найти указанный путь. (0x3)
[0501/155410:ERROR:crash_report_database_win.cc(549)] CreateDirectory C:\Users\в‚¬Р€В­В РІРјТђСћ Р‹В«ТђР€\AppData\Local\Google\Chrome\User Data: Системе не удается найти указанный путь. (0x3)
[0501/155410:ERROR:registration_protocol_win.cc(82)] TransactNamedPipe: Канал был закрыт. (0x6D)
[0501/155410:ERROR:crash_report_database_win.cc(549)] CreateDirectory C:\Users\в‚¬Р€В­В РІРјТђСћ Р‹В«ТђР€\AppData\Local\Google\Chrome\User Data: Системе не удается найти указанный путь. (0x3)
[0501/155440:ERROR:crash_report_database_win.cc(549)] CreateDirectory C:\Users\в‚¬Р€В­В РІРјТђСћ Р‹В«ТђР€\AppData\Local\Google\Chrome\User Data: Системе не удается найти указанный путь. (0x3)
[0501/155440:ERROR:registration_protocol_win.cc(82)] TransactNamedPipe: Канал был закрыт. (0x6D)
[0501/155440:ERROR:crash_report_database_win.cc(549)] CreateDirectory C:\Users\в‚¬Р€В­В РІРјТђСћ Р‹В«ТђР€\AppData\Local\Google\Chrome\User Data: Системе не удается найти указанный путь. (0x3)
[0501/155936:ERROR:crash_report_database_win.cc(549)] CreateDirectory C:\Users\в‚¬Р€В­В РІРјТђСћ Р‹В«ТђР€\AppData\Local\Google\Chrome\User Data: Системе не удается найти указанный путь. (0x3)
[0501/155936:ERROR:registration_protocol_win.cc(82)] TransactNamedPipe: Канал был закрыт. (0x6D)
[0501/155936:ERROR:crash_report_database_win.cc(549)] CreateDirectory C:\Users\в‚¬Р€В­В РІРјТђСћ Р‹В«ТђР€\AppData\Local\Google\Chrome\User Data: Системе не удается найти указанный путь. (0x3)
[0501/160233:ERROR:crash_report_database_win.cc(549)] CreateDirectory C:\Users\в‚¬Р€В­В РІРјТђСћ Р‹В«ТђР€\AppData\Local\Google\Chrome\User Data: Системе не удается найти указанный путь. (0x3)
[0501/160233:ERROR:registration_protocol_win.cc(82)] TransactNamedPipe: Канал был закрыт. (0x6D)
[0501/160233:ERROR:crash_report_database_win.cc(549)] CreateDirectory C:\Users\в‚¬Р€В­В РІРјТђСћ Р‹В«ТђР€\AppData\Local\Google\Chrome\User Data: Системе не удается найти указанный путь. (0x3)
[0501/160351:ERROR:crash_report_database_win.cc(549)] CreateDirectory C:\Users\в‚¬Р€В­В РІРјТђСћ Р‹В«ТђР€\AppData\Local\Google\Chrome\User Data: Системе не удается найти указанный путь. (0x3)
[0501/160352:ERROR:registration_protocol_win.cc(82)] TransactNamedPipe: Канал был закрыт. (0x6D)
[0501/160352:ERROR:crash_report_database_win.cc(549)] CreateDirectory C:\Users\в‚¬Р€В­В РІРјТђСћ Р‹В«ТђР€\AppData\Local\Google\Chrome\User Data: Системе не удается найти указанный путь. (0x3)
[0501/161747:ERROR:crash_report_database_win.cc(549)] CreateDirectory C:\Users\в‚¬Р€В­В РІРјТђСћ Р‹В«ТђР€\AppData\Local\Google\Chrome\User Data: Системе не удается найти указанный путь. (0x3)
[0501/161747:ERROR:registration_protocol_win.cc(82)] TransactNamedPipe: Канал был закрыт. (0x6D)
[0501/161747:ERROR:crash_report_database_win.cc(549)] CreateDirectory C:\Users\в‚¬Р€В­В РІРјТђСћ Р‹В«ТђР€\AppData\Local\Google\Chrome\User Data: Системе не удается найти указанный путь. (0x3)
[0501/162005:ERROR:crash_report_database_win.cc(549)] CreateDirectory C:\Users\в‚¬Р€В­В РІРјТђСћ Р‹В«ТђР€\AppData\Local\Google\Chrome\User Data: Системе не удается найти указанный путь. (0x3)
[0501/162005:ERROR:registration_protocol_win.cc(82)] TransactNamedPipe: Канал был закрыт. (0x6D)
[0501/162005:ERROR:crash_report_database_win.cc(549)] CreateDirectory C:\Users\в‚¬Р€В­В РІРјТђСћ Р‹В«ТђР€\AppData\Local\Google\Chrome\User Data: Системе не удается найти указанный путь. (0x3)
[0501/164145:ERROR:crash_report_database_win.cc(549)] CreateDirectory C:\Users\в‚¬Р€В­В РІРјТђСћ Р‹В«ТђР€\AppData\Local\Google\Chrome\User Data: Системе не удается найти указанный путь. (0x3)
[0501/164145:ERROR:registration_protocol_win.cc(82)] TransactNamedPipe: Канал был закрыт. (0x6D)
[0501/164145:ERROR:crash_report_database_win.cc(549)] CreateDirectory C:\Users\в‚¬Р€В­В РІРјТђСћ Р‹В«ТђР€\AppData\Local\Google\Chrome\User Data: Системе не удается найти указанный путь. (0x3)
[0501/164428:ERROR:crash_report_database_win.cc(549)] CreateDirectory C:\Users\в‚¬Р€В­В РІРјТђСћ Р‹В«ТђР€\AppData\Local\Google\Chrome\User Data: Системе не удается найти указанный путь. (0x3)
[0501/164428:ERROR:registration_protocol_win.cc(82)] TransactNamedPipe: Канал был закрыт. (0x6D)
[0501/164428:ERROR:crash_report_database_win.cc(549)] CreateDirectory C:\Users\в‚¬Р€В­В РІРјТђСћ Р‹В«ТђР€\AppData\Local\Google\Chrome\User Data: Системе не удается найти указанный путь. (0x3)
[0501/164604:ERROR:crash_report_database_win.cc(549)] CreateDirectory C:\Users\в‚¬Р€В­В РІРјТђСћ Р‹В«ТђР€\AppData\Local\Google\Chrome\User Data: Системе не удается найти указанный путь. (0x3)
[0501/164604:ERROR:registration_protocol_win.cc(82)] TransactNamedPipe: Канал был закрыт. (0x6D)
[0501/164604:ERROR:crash_report_database_win.cc(549)] CreateDirectory C:\Users\в‚¬Р€В­В РІРјТђСћ Р‹В«ТђР€\AppData\Local\Google\Chrome\User Data: Системе не удается найти указанный путь. (0x3)
[0501/164720:ERROR:crash_report_database_win.cc(549)] CreateDirectory C:\Users\в‚¬Р€В­В РІРјТђСћ Р‹В«ТђР€\AppData\Local\Google\Chrome\User Data: Системе не удается найти указанный путь. (0x3)
[0501/164720:ERROR:registration_protocol_win.cc(82)] TransactNamedPipe: Канал был закрыт. (0x6D)
[0501/164720:ERROR:crash_report_database_win.cc(549)] CreateDirectory C:\Users\в‚¬Р€В­В РІРјТђСћ Р‹В«ТђР€\AppData\Local\Google\Chrome\User Data: Системе не удается найти указанный путь. (0x3)
[0501/165106:ERROR:crash_report_database_win.cc(549)] CreateDirectory C:\Users\в‚¬Р€В­В РІРјТђСћ Р‹В«ТђР€\AppData\Local\Google\Chrome\User Data: Системе не удается найти указанный путь. (0x3)
[0501/165106:ERROR:registration_protocol_win.cc(82)] TransactNamedPipe: Канал был закрыт. (0x6D)
[0501/165106:ERROR:crash_report_database_win.cc(549)] CreateDirectory C:\Users\в‚¬Р€В­В РІРјТђСћ Р‹В«ТђР€\AppData\Local\Google\Chrome\User Data: Системе не удается найти указанный путь. (0x3)
[0501/173804:ERROR:crash_report_database_win.cc(549)] CreateDirectory C:\Users\в‚¬Р€В­В РІРјТђСћ Р‹В«ТђР€\AppData\Local\Google\Chrome\User Data: Системе не удается найти указанный путь. (0x3)
[0501/173804:ERROR:registration_protocol_win.cc(82)] TransactNamedPipe: Канал был закрыт. (0x6D)
[0501/173804:ERROR:crash_report_database_win.cc(549)] CreateDirectory C:\Users\в‚¬Р€В­В РІРјТђСћ Р‹В«ТђР€\AppData\Local\Google\Chrome\User Data: Системе не удается найти указанный путь. (0x3)
[0501/173939:ERROR:crash_report_database_win.cc(549)] CreateDirectory C:\Users\в‚¬Р€В­В РІРјТђСћ Р‹В«ТђР€\AppData\Local\Google\Chrome\User Data: Системе не удается найти указанный путь. (0x3)
[0501/173939:ERROR:registration_protocol_win.cc(82)] TransactNamedPipe: Канал был закрыт. (0x6D)
[0501/173939:ERROR:crash_report_database_win.cc(549)] CreateDirectory C:\Users\в‚¬Р€В­В РІРјТђСћ Р‹В«ТђР€\AppData\Local\Google\Chrome\User Data: Системе не удается найти указанный путь. (0x3)
[0501/174140:ERROR:crash_report_database_win.cc(549)] CreateDirectory C:\Users\в‚¬Р€В­В РІРјТђСћ Р‹В«ТђР€\AppData\Local\Google\Chrome\User Data: Системе не удается найти указанный путь. (0x3)
[0501/174140:ERROR:registration_protocol_win.cc(82)] TransactNamedPipe: Канал был закрыт. (0x6D)
[0501/174140:ERROR:crash_report_database_win.cc(549)] CreateDirectory C:\Users\в‚¬Р€В­В РІРјТђСћ Р‹В«ТђР€\AppData\Local\Google\Chrome\User Data: Системе не удается найти указанный путь. (0x3)
[0501/181511:ERROR:crash_report_database_win.cc(549)] CreateDirectory C:\Users\в‚¬Р€В­В РІРјТђСћ Р‹В«ТђР€\AppData\Local\Google\Chrome\User Data: Системе не удается найти указанный путь. (0x3)
[0501/181511:ERROR:registration_protocol_win.cc(82)] TransactNamedPipe: Канал был закрыт. (0x6D)
[0501/181511:ERROR:crash_report_database_win.cc(549)] CreateDirectory C:\Users\в‚¬Р€В­В РІРјТђСћ Р‹В«ТђР€\AppData\Local\Google\Chrome\User Data: Системе не удается найти указанный путь. (0x3)
[0501/184725:ERROR:crash_report_database_win.cc(549)] CreateDirectory C:\Users\в‚¬Р€В­В РІРјТђСћ Р‹В«ТђР€\AppData\Local\Google\Chrome\User Data: Системе не удается найти указанный путь. (0x3)
[0501/184725:ERROR:registration_protocol_win.cc(82)] TransactNamedPipe: Канал был закрыт. (0x6D)
[0501/184725:ERROR:crash_report_database_win.cc(549)] CreateDirectory C:\Users\в‚¬Р€В­В РІРјТђСћ Р‹В«ТђР€\AppData\Local\Google\Chrome\User Data: Системе не удается найти указанный путь. (0x3)
[0501/184806:ERROR:crash_report_database_win.cc(549)] CreateDirectory C:\Users\в‚¬Р€В­В РІРјТђСћ Р‹В«ТђР€\AppData\Local\Google\Chrome\User Data: Системе не удается найти указанный путь. (0x3)
[0501/184806:ERROR:registration_protocol_win.cc(82)] TransactNamedPipe: Канал был закрыт. (0x6D)
[0501/184806:ERROR:crash_report_database_win.cc(549)] CreateDirectory C:\Users\в‚¬Р€В­В РІРјТђСћ Р‹В«ТђР€\AppData\Local\Google\Chrome\User Data: Системе не удается найти указанный путь. (0x3)
[0501/193529:ERROR:crash_report_database_win.cc(549)] CreateDirectory C:\Users\в‚¬Р€В­В РІРјТђСћ Р‹В«ТђР€\AppData\Local\Google\Chrome\User Data: Системе не удается найти указанный путь. (0x3)
[0501/193529:ERROR:registration_protocol_win.cc(82)] TransactNamedPipe: Канал был закрыт. (0x6D)
[0501/193529:ERROR:crash_report_database_win.cc(549)] CreateDirectory C:\Users\в‚¬Р€В­В РІРјТђСћ Р‹В«ТђР€\AppData\Local\Google\Chrome\User Data: Системе не удается найти указанный путь. (0x3)
[0501/194615:ERROR:crash_report_database_win.cc(549)] CreateDirectory C:\Users\в‚¬Р€В­В РІРјТђСћ Р‹В«ТђР€\AppData\Local\Google\Chrome\User Data: Системе не удается найти указанный путь. (0x3)
[0501/194615:ERROR:registration_protocol_win.cc(82)] TransactNamedPipe: Канал был закрыт. (0x6D)
[0501/194615:ERROR:crash_report_database_win.cc(549)] CreateDirectory C:\Users\в‚¬Р€В­В РІРјТђСћ Р‹В«ТђР€\AppData\Local\Google\Chrome\User Data: Системе не удается найти указанный путь. (0x3)
[0501/200252:ERROR:crash_report_database_win.cc(549)] CreateDirectory C:\Users\в‚¬Р€В­В РІРјТђСћ Р‹В«ТђР€\AppData\Local\Google\Chrome\User Data: Системе не удается найти указанный путь. (0x3)
[0501/200252:ERROR:registration_protocol_win.cc(82)] TransactNamedPipe: Канал был закрыт. (0x6D)
[0501/200252:ERROR:crash_report_database_win.cc(549)] CreateDirectory C:\Users\в‚¬Р€В­В РІРјТђСћ Р‹В«ТђР€\AppData\Local\Google\Chrome\User Data: Системе не удается найти указанный путь. (0x3)
[0501/233010:ERROR:crash_report_database_win.cc(549)] CreateDirectory C:\Users\в‚¬Р€В­В РІРјТђСћ Р‹В«ТђР€\AppData\Local\Google\Chrome\User Data: Системе не удается найти указанный путь. (0x3)
[0501/233010:ERROR:registration_protocol_win.cc(82)] TransactNamedPipe: Канал был закрыт. (0x6D)
[0501/233010:ERROR:crash_report_database_win.cc(549)] CreateDirectory C:\Users\в‚¬Р€В­В РІРјТђСћ Р‹В«ТђР€\AppData\Local\Google\Chrome\User Data: Системе не удается найти указанный путь. (0x3)
[0501/233236:ERROR:crash_report_database_win.cc(549)] CreateDirectory C:\Users\в‚¬Р€В­В РІРјТђСћ Р‹В«ТђР€\AppData\Local\Google\Chrome\User Data: Системе не удается найти указанный путь. (0x3)
[0501/233236:ERROR:registration_protocol_win.cc(82)] TransactNamedPipe: Канал был закрыт. (0x6D)
[0501/233237:ERROR:crash_report_database_win.cc(549)] CreateDirectory C:\Users\в‚¬Р€В­В РІРјТђСћ Р‹В«ТђР€\AppData\Local\Google\Chrome\User Data: Системе не удается найти указанный путь. (0x3)
[0501/233802:ERROR:crash_report_database_win.cc(549)] CreateDirectory C:\Users\в‚¬Р€В­В РІРјТђСћ Р‹В«ТђР€\AppData\Local\Google\Chrome\User Data: Системе не удается найти указанный путь. (0x3)
[0501/233802:ERROR:registration_protocol_win.cc(82)] TransactNamedPipe: Канал был закрыт. (0x6D)
[0501/233802:ERROR:crash_report_database_win.cc(549)] CreateDirectory C:\Users\в‚¬Р€В­В РІРјТђСћ Р‹В«ТђР€\AppData\Local\Google\Chrome\User Data: Системе не удается найти указанный путь. (0x3)
[0501/234154:ERROR:crash_report_database_win.cc(549)] CreateDirectory C:\Users\в‚¬Р€В­В РІРјТђСћ Р‹В«ТђР€\AppData\Local\Google\Chrome\User Data: Системе не удается найти указанный путь. (0x3)
[0501/234154:ERROR:registration_protocol_win.cc(82)] TransactNamedPipe: Канал был закрыт. (0x6D)
[0501/234154:ERROR:crash_report_database_win.cc(549)] CreateDirectory C:\Users\в‚¬Р€В­В РІРјТђСћ Р‹В«ТђР€\AppData\Local\Google\Chrome\User Data: Системе не удается найти указанный путь. (0x3)
[0501/234359:ERROR:crash_report_database_win.cc(549)] CreateDirectory C:\Users\в‚¬Р€В­В РІРјТђСћ Р‹В«ТђР€\AppData\Local\Google\Chrome\User Data: Системе не удается найти указанный путь. (0x3)
[0501/234359:ERROR:registration_protocol_win.cc(82)] TransactNamedPipe: Канал был закрыт. (0x6D)
[0501/234359:ERROR:crash_report_database_win.cc(549)] CreateDirectory C:\Users\в‚¬Р€В­В РІРјТђСћ Р‹В«ТђР€\AppData\Local\Google\Chrome\User Data: Системе не удается найти указанный путь. (0x3)
[0501/234700:ERROR:crash_report_database_win.cc(549)] CreateDirectory C:\Users\в‚¬Р€В­В РІРјТђСћ Р‹В«ТђР€\AppData\Local\Google\Chrome\User Data: Системе не удается найти указанный путь. (0x3)
[0501/234700:ERROR:registration_protocol_win.cc(82)] TransactNamedPipe: Канал был закрыт. (0x6D)
[0501/234700:ERROR:crash_report_database_win.cc(549)] CreateDirectory C:\Users\в‚¬Р€В­В РІРјТђСћ Р‹В«ТђР€\AppData\Local\Google\Chrome\User Data: Системе не удается найти указанный путь. (0x3)
[0501/234846:ERROR:crash_report_database_win.cc(549)] CreateDirectory C:\Users\в‚¬Р€В­В РІРјТђСћ Р‹В«ТђР€\AppData\Local\Google\Chrome\User Data: Системе не удается найти указанный путь. (0x3)
[0501/234846:ERROR:registration_protocol_win.cc(82)] TransactNamedPipe: Канал был закрыт. (0x6D)
[0501/234846:ERROR:crash_report_database_win.cc(549)] CreateDirectory C:\Users\в‚¬Р€В­В РІРјТђСћ Р‹В«ТђР€\AppData\Local\Google\Chrome\User Data: Системе не удается найти указанный путь. (0x3)
[0501/235108:ERROR:crash_report_database_win.cc(549)] CreateDirectory C:\Users\в‚¬Р€В­В РІРјТђСћ Р‹В«ТђР€\AppData\Local\Google\Chrome\User Data: Системе не удается найти указанный путь. (0x3)
[0501/235108:ERROR:registration_protocol_win.cc(82)] TransactNamedPipe: Канал был закрыт. (0x6D)
[0501/235108:ERROR:crash_report_database_win.cc(549)] CreateDirectory C:\Users\в‚¬Р€В­В РІРјТђСћ Р‹В«ТђР€\AppData\Local\Google\Chrome\User Data: Системе не удается найти указанный путь. (0x3)
[0501/235243:ERROR:crash_report_database_win.cc(549)] CreateDirectory C:\Users\в‚¬Р€В­В РІРјТђСћ Р‹В«ТђР€\AppData\Local\Google\Chrome\User Data: Системе не удается найти указанный путь. (0x3)
[0501/235243:ERROR:registration_protocol_win.cc(82)] TransactNamedPipe: Канал был закрыт. (0x6D)
[0501/235243:ERROR:crash_report_database_win.cc(549)] CreateDirectory C:\Users\в‚¬Р€В­В РІРјТђСћ Р‹В«ТђР€\AppData\Local\Google\Chrome\User Data: Системе не удается найти указанный путь. (0x3)
[0501/235349:ERROR:crash_report_database_win.cc(549)] CreateDirectory C:\Users\в‚¬Р€В­В РІРјТђСћ Р‹В«ТђР€\AppData\Local\Google\Chrome\User Data: Системе не удается найти указанный путь. (0x3)
[0501/235349:ERROR:registration_protocol_win.cc(82)] TransactNamedPipe: Канал был закрыт. (0x6D)
[0501/235349:ERROR:crash_report_database_win.cc(549)] CreateDirectory C:\Users\в‚¬Р€В­В РІРјТђСћ Р‹В«ТђР€\AppData\Local\Google\Chrome\User Data: Системе не удается найти указанный путь. (0x3)
[0501/235935:ERROR:crash_report_database_win.cc(549)] CreateDirectory C:\Users\в‚¬Р€В­В РІРјТђСћ Р‹В«ТђР€\AppData\Local\Google\Chrome\User Data: Системе не удается найти указанный путь. (0x3)
[0501/235935:ERROR:registration_protocol_win.cc(82)] TransactNamedPipe: Канал был закрыт. (0x6D)
[0501/235935:ERROR:crash_report_database_win.cc(549)] CreateDirectory C:\Users\в‚¬Р€В­В РІРјТђСћ Р‹В«ТђР€\AppData\Local\Google\Chrome\User Data: Системе не удается найти указанный путь. (0x3)
[0502/132747:ERROR:crash_report_database_win.cc(549)] CreateDirectory C:\Users\в‚¬Р€В­В РІРјТђСћ Р‹В«ТђР€\AppData\Local\Google\Chrome\User Data: Системе не удается найти указанный путь. (0x3)
[0502/132747:ERROR:registration_protocol_win.cc(82)] TransactNamedPipe: Канал был закрыт. (0x6D)
[0502/132747:ERROR:crash_report_database_win.cc(549)] CreateDirectory C:\Users\в‚¬Р€В­В РІРјТђСћ Р‹В«ТђР€\AppData\Local\Google\Chrome\User Data: Системе не удается найти указанный путь. (0x3)
[0502/132937:ERROR:crash_report_database_win.cc(549)] CreateDirectory C:\Users\в‚¬Р€В­В РІРјТђСћ Р‹В«ТђР€\AppData\Local\Google\Chrome\User Data: Системе не удается найти указанный путь. (0x3)
[0502/132937:ERROR:registration_protocol_win.cc(82)] TransactNamedPipe: Канал был закрыт. (0x6D)
[0502/132937:ERROR:crash_report_database_win.cc(549)] CreateDirectory C:\Users\в‚¬Р€В­В РІРјТђСћ Р‹В«ТђР€\AppData\Local\Google\Chrome\User Data: Системе не удается найти указанный путь. (0x3)
[0502/133306:ERROR:crash_report_database_win.cc(549)] CreateDirectory C:\Users\в‚¬Р€В­В РІРјТђСћ Р‹В«ТђР€\AppData\Local\Google\Chrome\User Data: Системе не удается найти указанный путь. (0x3)
[0502/133306:ERROR:registration_protocol_win.cc(82)] TransactNamedPipe: Канал был закрыт. (0x6D)
[0502/133306:ERROR:crash_report_database_win.cc(549)] CreateDirectory C:\Users\в‚¬Р€В­В РІРјТђСћ Р‹В«ТђР€\AppData\Local\Google\Chrome\User Data: Системе не удается найти указанный путь. (0x3)
[0502/133637:ERROR:crash_report_database_win.cc(549)] CreateDirectory C:\Users\в‚¬Р€В­В РІРјТђСћ Р‹В«ТђР€\AppData\Local\Google\Chrome\User Data: Системе не удается найти указанный путь. (0x3)
[0502/133637:ERROR:registration_protocol_win.cc(82)] TransactNamedPipe: Канал был закрыт. (0x6D)
[0502/133637:ERROR:crash_report_database_win.cc(549)] CreateDirectory C:\Users\в‚¬Р€В­В РІРјТђСћ Р‹В«ТђР€\AppData\Local\Google\Chrome\User Data: Системе не удается найти указанный путь. (0x3)
[0502/133806:ERROR:crash_report_database_win.cc(549)] CreateDirectory C:\Users\в‚¬Р€В­В РІРјТђСћ Р‹В«ТђР€\AppData\Local\Google\Chrome\User Data: Системе не удается найти указанный путь. (0x3)
[0502/133806:ERROR:registration_protocol_win.cc(82)] TransactNamedPipe: Канал был закрыт. (0x6D)
[0502/133806:ERROR:crash_report_database_win.cc(549)] CreateDirectory C:\Users\в‚¬Р€В­В РІРјТђСћ Р‹В«ТђР€\AppData\Local\Google\Chrome\User Data: Системе не удается найти указанный путь. (0x3)
[0502/134144:ERROR:crash_report_database_win.cc(549)] CreateDirectory C:\Users\в‚¬Р€В­В РІРјТђСћ Р‹В«ТђР€\AppData\Local\Google\Chrome\User Data: Системе не удается найти указанный путь. (0x3)
[0502/134144:ERROR:registration_protocol_win.cc(82)] TransactNamedPipe: Канал был закрыт. (0x6D)
[0502/134144:ERROR:crash_report_database_win.cc(549)] CreateDirectory C:\Users\в‚¬Р€В­В РІРјТђСћ Р‹В«ТђР€\AppData\Local\Google\Chrome\User Data: Системе не удается найти указанный путь. (0x3)
[0502/134635:ERROR:crash_report_database_win.cc(549)] CreateDirectory C:\Users\в‚¬Р€В­В РІРјТђСћ Р‹В«ТђР€\AppData\Local\Google\Chrome\User Data: Системе не удается найти указанный путь. (0x3)
[0502/134635:ERROR:registration_protocol_win.cc(82)] TransactNamedPipe: Канал был закрыт. (0x6D)
[0502/134635:ERROR:crash_report_database_win.cc(549)] CreateDirectory C:\Users\в‚¬Р€В­В РІРјТђСћ Р‹В«ТђР€\AppData\Local\Google\Chrome\User Data: Системе не удается найти указанный путь. (0x3)
[0502/134909:ERROR:crash_report_database_win.cc(549)] CreateDirectory C:\Users\в‚¬Р€В­В РІРјТђСћ Р‹В«ТђР€\AppData\Local\Google\Chrome\User Data: Системе не удается найти указанный путь. (0x3)
[0502/134909:ERROR:registration_protocol_win.cc(82)] TransactNamedPipe: Канал был закрыт. (0x6D)
[0502/134909:ERROR:crash_report_database_win.cc(549)] CreateDirectory C:\Users\в‚¬Р€В­В РІРјТђСћ Р‹В«ТђР€\AppData\Local\Google\Chrome\User Data: Системе не удается найти указанный путь. (0x3)
[0502/135838:ERROR:crash_report_database_win.cc(549)] CreateDirectory C:\Users\в‚¬Р€В­В РІРјТђСћ Р‹В«ТђР€\AppData\Local\Google\Chrome\User Data: Системе не удается найти указанный путь. (0x3)
[0502/135838:ERROR:registration_protocol_win.cc(82)] TransactNamedPipe: Канал был закрыт. (0x6D)
[0502/135838:ERROR:crash_report_database_win.cc(549)] CreateDirectory C:\Users\в‚¬Р€В­В РІРјТђСћ Р‹В«ТђР€\AppData\Local\Google\Chrome\User Data: Системе не удается найти указанный путь. (0x3)
[0502/140609:ERROR:crash_report_database_win.cc(549)] CreateDirectory C:\Users\в‚¬Р€В­В РІРјТђСћ Р‹В«ТђР€\AppData\Local\Google\Chrome\User Data: Системе не удается найти указанный путь. (0x3)
[0502/140609:ERROR:registration_protocol_win.cc(82)] TransactNamedPipe: Канал был закрыт. (0x6D)
[0502/140609:ERROR:crash_report_database_win.cc(549)] CreateDirectory C:\Users\в‚¬Р€В­В РІРјТђСћ Р‹В«ТђР€\AppData\Local\Google\Chrome\User Data: Системе не удается найти указанный путь. (0x3)
[0502/141539:ERROR:crash_report_database_win.cc(549)] CreateDirectory C:\Users\в‚¬Р€В­В РІРјТђСћ Р‹В«ТђР€\AppData\Local\Google\Chrome\User Data: Системе не удается найти указанный путь. (0x3)
[0502/141539:ERROR:registration_protocol_win.cc(82)] TransactNamedPipe: Канал был закрыт. (0x6D)
[0502/141539:ERROR:crash_report_database_win.cc(549)] CreateDirectory C:\Users\в‚¬Р€В­В РІРјТђСћ Р‹В«ТђР€\AppData\Local\Google\Chrome\User Data: Системе не удается найти указанный путь. (0x3)
[0502/144317:ERROR:crash_report_database_win.cc(549)] CreateDirectory C:\Users\в‚¬Р€В­В РІРјТђСћ Р‹В«ТђР€\AppData\Local\Google\Chrome\User Data: Системе не удается найти указанный путь. (0x3)
[0502/144317:ERROR:registration_protocol_win.cc(82)] TransactNamedPipe: Канал был закрыт. (0x6D)
[0502/144317:ERROR:crash_report_database_win.cc(549)] CreateDirectory C:\Users\в‚¬Р€В­В РІРјТђСћ Р‹В«ТђР€\AppData\Local\Google\Chrome\User Data: Системе не удается найти указанный путь. (0x3)
[0502/150001:ERROR:crash_report_database_win.cc(549)] CreateDirectory C:\Users\в‚¬Р€В­В РІРјТђСћ Р‹В«ТђР€\AppData\Local\Google\Chrome\User Data: Системе не удается найти указанный путь. (0x3)
[0502/150001:ERROR:registration_protocol_win.cc(82)] TransactNamedPipe: Канал был закрыт. (0x6D)
[0502/150001:ERROR:crash_report_database_win.cc(549)] CreateDirectory C:\Users\в‚¬Р€В­В РІРјТђСћ Р‹В«ТђР€\AppData\Local\Google\Chrome\User Data: Системе не удается найти указанный путь. (0x3)
[0502/151915:ERROR:crash_report_database_win.cc(549)] CreateDirectory C:\Users\в‚¬Р€В­В РІРјТђСћ Р‹В«ТђР€\AppData\Local\Google\Chrome\User Data: Системе не удается найти указанный путь. (0x3)
[0502/151915:ERROR:registration_protocol_win.cc(82)] TransactNamedPipe: Канал был закрыт. (0x6D)
[0502/151915:ERROR:crash_report_database_win.cc(549)] CreateDirectory C:\Users\в‚¬Р€В­В РІРјТђСћ Р‹В«ТђР€\AppData\Local\Google\Chrome\User Data: Системе не удается найти указанный путь. (0x3)
[0502/152221:ERROR:crash_report_database_win.cc(549)] CreateDirectory C:\Users\в‚¬Р€В­В РІРјТђСћ Р‹В«ТђР€\AppData\Local\Google\Chrome\User Data: Системе не удается найти указанный путь. (0x3)
[0502/152221:ERROR:registration_protocol_win.cc(82)] TransactNamedPipe: Канал был закрыт. (0x6D)
[0502/152221:ERROR:crash_report_database_win.cc(549)] CreateDirectory C:\Users\в‚¬Р€В­В РІРјТђСћ Р‹В«ТђР€\AppData\Local\Google\Chrome\User Data: Системе не удается найти указанный путь. (0x3)
[0502/152409:ERROR:crash_report_database_win.cc(549)] CreateDirectory C:\Users\в‚¬Р€В­В РІРјТђСћ Р‹В«ТђР€\AppData\Local\Google\Chrome\User Data: Системе не удается найти указанный путь. (0x3)
[0502/152409:ERROR:registration_protocol_win.cc(82)] TransactNamedPipe: Канал был закрыт. (0x6D)
[0502/152409:ERROR:crash_report_database_win.cc(549)] CreateDirectory C:\Users\в‚¬Р€В­В РІРјТђСћ Р‹В«ТђР€\AppData\Local\Google\Chrome\User Data: Системе не удается найти указанный путь. (0x3)
[0502/153235:ERROR:crash_report_database_win.cc(549)] CreateDirectory C:\Users\в‚¬Р€В­В РІРјТђСћ Р‹В«ТђР€\AppData\Local\Google\Chrome\User Data: Системе не удается найти указанный путь. (0x3)
[0502/153235:ERROR:registration_protocol_win.cc(82)] TransactNamedPipe: Канал был закрыт. (0x6D)
[0502/153235:ERROR:crash_report_database_win.cc(549)] CreateDirectory C:\Users\в‚¬Р€В­В РІРјТђСћ Р‹В«ТђР€\AppData\Local\Google\Chrome\User Data: Системе не удается найти указанный путь. (0x3)
[0502/153512:ERROR:crash_report_database_win.cc(549)] CreateDirectory C:\Users\в‚¬Р€В­В РІРјТђСћ Р‹В«ТђР€\AppData\Local\Google\Chrome\User Data: Системе не удается найти указанный путь. (0x3)
[0502/153512:ERROR:registration_protocol_win.cc(82)] TransactNamedPipe: Канал был закрыт. (0x6D)
[0502/153512:ERROR:crash_report_database_win.cc(549)] CreateDirectory C:\Users\в‚¬Р€В­В РІРјТђСћ Р‹В«ТђР€\AppData\Local\Google\Chrome\User Data: Системе не удается найти указанный путь. (0x3)
[0502/161905:ERROR:crash_report_database_win.cc(549)] CreateDirectory C:\Users\в‚¬Р€В­В РІРјТђСћ Р‹В«ТђР€\AppData\Local\Google\Chrome\User Data: Системе не удается найти указанный путь. (0x3)
[0502/161905:ERROR:registration_protocol_win.cc(82)] TransactNamedPipe: Канал был закрыт. (0x6D)
[0502/161905:ERROR:crash_report_database_win.cc(549)] CreateDirectory C:\Users\в‚¬Р€В­В РІРјТђСћ Р‹В«ТђР€\AppData\Local\Google\Chrome\User Data: Системе не удается найти указанный путь. (0x3)
[0502/162425:ERROR:crash_report_database_win.cc(549)] CreateDirectory C:\Users\в‚¬Р€В­В РІРјТђСћ Р‹В«ТђР€\AppData\Local\Google\Chrome\User Data: Системе не удается найти указанный путь. (0x3)
[0502/162425:ERROR:registration_protocol_win.cc(82)] TransactNamedPipe: Канал был закрыт. (0x6D)
[0502/162425:ERROR:crash_report_database_win.cc(549)] CreateDirectory C:\Users\в‚¬Р€В­В РІРјТђСћ Р‹В«ТђР€\AppData\Local\Google\Chrome\User Data: Системе не удается найти указанный путь. (0x3)
[0502/162525:ERROR:crash_report_database_win.cc(549)] CreateDirectory C:\Users\в‚¬Р€В­В РІРјТђСћ Р‹В«ТђР€\AppData\Local\Google\Chrome\User Data: Системе не удается найти указанный путь. (0x3)
[0502/162525:ERROR:registration_protocol_win.cc(82)] TransactNamedPipe: Канал был закрыт. (0x6D)
[0502/162525:ERROR:crash_report_database_win.cc(549)] CreateDirectory C:\Users\в‚¬Р€В­В РІРјТђСћ Р‹В«ТђР€\AppData\Local\Google\Chrome\User Data: Системе не удается найти указанный путь. (0x3)
[0502/162614:ERROR:crash_report_database_win.cc(549)] CreateDirectory C:\Users\в‚¬Р€В­В РІРјТђСћ Р‹В«ТђР€\AppData\Local\Google\Chrome\User Data: Системе не удается найти указанный путь. (0x3)
[0502/162614:ERROR:registration_protocol_win.cc(82)] TransactNamedPipe: Канал был закрыт. (0x6D)
[0502/162614:ERROR:crash_report_database_win.cc(549)] CreateDirectory C:\Users\в‚¬Р€В­В РІРјТђСћ Р‹В«ТђР€\AppData\Local\Google\Chrome\User Data: Системе не удается найти указанный путь. (0x3)
[0502/171001:ERROR:crash_report_database_win.cc(549)] CreateDirectory C:\Users\в‚¬Р€В­В РІРјТђСћ Р‹В«ТђР€\AppData\Local\Google\Chrome\User Data: Системе не удается найти указанный путь. (0x3)
[0502/171001:ERROR:registration_protocol_win.cc(82)] TransactNamedPipe: Канал был закрыт. (0x6D)
[0502/171001:ERROR:crash_report_database_win.cc(549)] CreateDirectory C:\Users\в‚¬Р€В­В РІРјТђСћ Р‹В«ТђР€\AppData\Local\Google\Chrome\User Data: Системе не удается найти указанный путь. (0x3)
[0502/171223:ERROR:crash_report_database_win.cc(549)] CreateDirectory C:\Users\в‚¬Р€В­В РІРјТђСћ Р‹В«ТђР€\AppData\Local\Google\Chrome\User Data: Системе не удается найти указанный путь. (0x3)
[0502/171223:ERROR:registration_protocol_win.cc(82)] TransactNamedPipe: Канал был закрыт. (0x6D)
[0502/171223:ERROR:crash_report_database_win.cc(549)] CreateDirectory C:\Users\в‚¬Р€В­В РІРјТђСћ Р‹В«ТђР€\AppData\Local\Google\Chrome\User Data: Системе не удается найти указанный путь. (0x3)
[0502/171350:ERROR:crash_report_database_win.cc(549)] CreateDirectory C:\Users\в‚¬Р€В­В РІРјТђСћ Р‹В«ТђР€\AppData\Local\Google\Chrome\User Data: Системе не удается найти указанный путь. (0x3)
[0502/171350:ERROR:registration_protocol_win.cc(82)] TransactNamedPipe: Канал был закрыт. (0x6D)
[0502/171350:ERROR:crash_report_database_win.cc(549)] CreateDirectory C:\Users\в‚¬Р€В­В РІРјТђСћ Р‹В«ТђР€\AppData\Local\Google\Chrome\User Data: Системе не удается найти указанный путь. (0x3)
[0502/171522:ERROR:crash_report_database_win.cc(549)] CreateDirectory C:\Users\в‚¬Р€В­В РІРјТђСћ Р‹В«ТђР€\AppData\Local\Google\Chrome\User Data: Системе не удается найти указанный путь. (0x3)
[0502/171522:ERROR:registration_protocol_win.cc(82)] TransactNamedPipe: Канал был закрыт. (0x6D)
[0502/171522:ERROR:crash_report_database_win.cc(549)] CreateDirectory C:\Users\в‚¬Р€В­В РІРјТђСћ Р‹В«ТђР€\AppData\Local\Google\Chrome\User Data: Системе не удается найти указанный путь. (0x3)
[0502/173229:ERROR:crash_report_database_win.cc(549)] CreateDirectory C:\Users\в‚¬Р€В­В РІРјТђСћ Р‹В«ТђР€\AppData\Local\Google\Chrome\User Data: Системе не удается найти указанный путь. (0x3)
[0502/173229:ERROR:registration_protocol_win.cc(82)] TransactNamedPipe: Канал был закрыт. (0x6D)
[0502/173229:ERROR:crash_report_database_win.cc(549)] CreateDirectory C:\Users\в‚¬Р€В­В РІРјТђСћ Р‹В«ТђР€\AppData\Local\Google\Chrome\User Data: Системе не удается найти указанный путь. (0x3)
[0502/173705:ERROR:crash_report_database_win.cc(549)] CreateDirectory C:\Users\в‚¬Р€В­В РІРјТђСћ Р‹В«ТђР€\AppData\Local\Google\Chrome\User Data: Системе не удается найти указанный путь. (0x3)
[0502/173705:ERROR:registration_protocol_win.cc(82)] TransactNamedPipe: Канал был закрыт. (0x6D)
[0502/173705:ERROR:crash_report_database_win.cc(549)] CreateDirectory C:\Users\в‚¬Р€В­В РІРјТђСћ Р‹В«ТђР€\AppData\Local\Google\Chrome\User Data: Системе не удается найти указанный путь. (0x3)
[0502/173855:ERROR:crash_report_database_win.cc(549)] CreateDirectory C:\Users\в‚¬Р€В­В РІРјТђСћ Р‹В«ТђР€\AppData\Local\Google\Chrome\User Data: Системе не удается найти указанный путь. (0x3)
[0502/173855:ERROR:registration_protocol_win.cc(82)] TransactNamedPipe: Канал был закрыт. (0x6D)
[0502/173855:ERROR:crash_report_database_win.cc(549)] CreateDirectory C:\Users\в‚¬Р€В­В РІРјТђСћ Р‹В«ТђР€\AppData\Local\Google\Chrome\User Data: Системе не удается найти указанный путь. (0x3)
[0502/174322:ERROR:crash_report_database_win.cc(549)] CreateDirectory C:\Users\в‚¬Р€В­В РІРјТђСћ Р‹В«ТђР€\AppData\Local\Google\Chrome\User Data: Системе не удается найти указанный путь. (0x3)
[0502/174322:ERROR:registration_protocol_win.cc(82)] TransactNamedPipe: Канал был закрыт. (0x6D)
[0502/174322:ERROR:crash_report_database_win.cc(549)] CreateDirectory C:\Users\в‚¬Р€В­В РІРјТђСћ Р‹В«ТђР€\AppData\Local\Google\Chrome\User Data: Системе не удается найти указанный путь. (0x3)
[0502/174738:ERROR:crash_report_database_win.cc(549)] CreateDirectory C:\Users\в‚¬Р€В­В РІРјТђСћ Р‹В«ТђР€\AppData\Local\Google\Chrome\User Data: Системе не удается найти указанный путь. (0x3)
[0502/174738:ERROR:registration_protocol_win.cc(82)] TransactNamedPipe: Канал был закрыт. (0x6D)
[0502/174738:ERROR:crash_report_database_win.cc(549)] CreateDirectory C:\Users\в‚¬Р€В­В РІРјТђСћ Р‹В«ТђР€\AppData\Local\Google\Chrome\User Data: Системе не удается найти указанный путь. (0x3)
[0502/175431:ERROR:crash_report_database_win.cc(549)] CreateDirectory C:\Users\в‚¬Р€В­В РІРјТђСћ Р‹В«ТђР€\AppData\Local\Google\Chrome\User Data: Системе не удается найти указанный путь. (0x3)
[0502/175431:ERROR:registration_protocol_win.cc(82)] TransactNamedPipe: Канал был закрыт. (0x6D)
[0502/175431:ERROR:crash_report_database_win.cc(549)] CreateDirectory C:\Users\в‚¬Р€В­В РІРјТђСћ Р‹В«ТђР€\AppData\Local\Google\Chrome\User Data: Системе не удается найти указанный путь. (0x3)
[0502/185142:ERROR:crash_report_database_win.cc(549)] CreateDirectory C:\Users\в‚¬Р€В­В РІРјТђСћ Р‹В«ТђР€\AppData\Local\Google\Chrome\User Data: Системе не удается найти указанный путь. (0x3)
[0502/185142:ERROR:registration_protocol_win.cc(82)] TransactNamedPipe: Канал был закрыт. (0x6D)
[0502/185142:ERROR:crash_report_database_win.cc(549)] CreateDirectory C:\Users\в‚¬Р€В­В РІРјТђСћ Р‹В«ТђР€\AppData\Local\Google\Chrome\User Data: Системе не удается найти указанный путь. (0x3)
[0502/190253:ERROR:crash_report_database_win.cc(549)] CreateDirectory C:\Users\в‚¬Р€В­В РІРјТђСћ Р‹В«ТђР€\AppData\Local\Google\Chrome\User Data: Системе не удается найти указанный путь. (0x3)
[0502/190253:ERROR:registration_protocol_win.cc(82)] TransactNamedPipe: Канал был закрыт. (0x6D)
[0502/190253:ERROR:crash_report_database_win.cc(549)] CreateDirectory C:\Users\в‚¬Р€В­В РІРјТђСћ Р‹В«ТђР€\AppData\Local\Google\Chrome\User Data: Системе не удается найти указанный путь. (0x3)
[0502/193959:ERROR:crash_report_database_win.cc(549)] CreateDirectory C:\Users\в‚¬Р€В­В РІРјТђСћ Р‹В«ТђР€\AppData\Local\Google\Chrome\User Data: Системе не удается найти указанный путь. (0x3)
[0502/193959:ERROR:registration_protocol_win.cc(82)] TransactNamedPipe: Канал был закрыт. (0x6D)
[0502/193959:ERROR:crash_report_database_win.cc(549)] CreateDirectory C:\Users\в‚¬Р€В­В РІРјТђСћ Р‹В«ТђР€\AppData\Local\Google\Chrome\User Data: Системе не удается найти указанный путь. (0x3)
[0502/194036:ERROR:crash_report_database_win.cc(549)] CreateDirectory C:\Users\в‚¬Р€В­В РІРјТђСћ Р‹В«ТђР€\AppData\Local\Google\Chrome\User Data: Системе не удается найти указанный путь. (0x3)
[0502/194036:ERROR:registration_protocol_win.cc(82)] TransactNamedPipe: Канал был закрыт. (0x6D)
[0502/194036:ERROR:crash_report_database_win.cc(549)] CreateDirectory C:\Users\в‚¬Р€В­В РІРјТђСћ Р‹В«ТђР€\AppData\Local\Google\Chrome\User Data: Системе не удается найти указанный путь. (0x3)
[0502/214333:ERROR:crash_report_database_win.cc(549)] CreateDirectory C:\Users\в‚¬Р€В­В РІРјТђСћ Р‹В«ТђР€\AppData\Local\Google\Chrome\User Data: Системе не удается найти указанный путь. (0x3)
[0502/214333:ERROR:registration_protocol_win.cc(82)] TransactNamedPipe: Канал был закрыт. (0x6D)
[0502/214333:ERROR:crash_report_database_win.cc(549)] CreateDirectory C:\Users\в‚¬Р€В­В РІРјТђСћ Р‹В«ТђР€\AppData\Local\Google\Chrome\User Data: Системе не удается найти указанный путь. (0x3)
[0502/214354:ERROR:crash_report_database_win.cc(549)] CreateDirectory C:\Users\в‚¬Р€В­В РІРјТђСћ Р‹В«ТђР€\AppData\Local\Google\Chrome\User Data: Системе не удается найти указанный путь. (0x3)
[0502/214354:ERROR:registration_protocol_win.cc(82)] TransactNamedPipe: Канал был закрыт. (0x6D)
[0502/214354:ERROR:crash_report_database_win.cc(549)] CreateDirectory C:\Users\в‚¬Р€В­В РІРјТђСћ Р‹В«ТђР€\AppData\Local\Google\Chrome\User Data: Системе не удается найти указанный путь. (0x3)
[0502/214450:ERROR:crash_report_database_win.cc(549)] CreateDirectory C:\Users\в‚¬Р€В­В РІРјТђСћ Р‹В«ТђР€\AppData\Local\Google\Chrome\User Data: Системе не удается найти указанный путь. (0x3)
[0502/214450:ERROR:registration_protocol_win.cc(82)] TransactNamedPipe: Канал был закрыт. (0x6D)
[0502/214450:ERROR:crash_report_database_win.cc(549)] CreateDirectory C:\Users\в‚¬Р€В­В РІРјТђСћ Р‹В«ТђР€\AppData\Local\Google\Chrome\User Data: Системе не удается найти указанный путь. (0x3)
[0502/214515:ERROR:crash_report_database_win.cc(549)] CreateDirectory C:\Users\в‚¬Р€В­В РІРјТђСћ Р‹В«ТђР€\AppData\Local\Google\Chrome\User Data: Системе не удается найти указанный путь. (0x3)
[0502/214515:ERROR:registration_protocol_win.cc(82)] TransactNamedPipe: Канал был закрыт. (0x6D)
[0502/214515:ERROR:crash_report_database_win.cc(549)] CreateDirectory C:\Users\в‚¬Р€В­В РІРјТђСћ Р‹В«ТђР€\AppData\Local\Google\Chrome\User Data: Системе не удается найти указанный путь. (0x3)
[0502/214630:ERROR:crash_report_database_win.cc(549)] CreateDirectory C:\Users\в‚¬Р€В­В РІРјТђСћ Р‹В«ТђР€\AppData\Local\Google\Chrome\User Data: Системе не удается найти указанный путь. (0x3)
[0502/214630:ERROR:registration_protocol_win.cc(82)] TransactNamedPipe: Канал был закрыт. (0x6D)
[0502/214630:ERROR:crash_report_database_win.cc(549)] CreateDirectory C:\Users\в‚¬Р€В­В РІРјТђСћ Р‹В«ТђР€\AppData\Local\Google\Chrome\User Data: Системе не удается найти указанный путь. (0x3)
[0502/214712:ERROR:crash_report_database_win.cc(549)] CreateDirectory C:\Users\в‚¬Р€В­В РІРјТђСћ Р‹В«ТђР€\AppData\Local\Google\Chrome\User Data: Системе не удается найти указанный путь. (0x3)
[0502/214712:ERROR:registration_protocol_win.cc(82)] TransactNamedPipe: Канал был закрыт. (0x6D)
[0502/214712:ERROR:crash_report_database_win.cc(549)] CreateDirectory C:\Users\в‚¬Р€В­В РІРјТђСћ Р‹В«ТђР€\AppData\Local\Google\Chrome\User Data: Системе не удается найти указанный путь. (0x3)
[0502/214822:ERROR:crash_report_database_win.cc(549)] CreateDirectory C:\Users\в‚¬Р€В­В РІРјТђСћ Р‹В«ТђР€\AppData\Local\Google\Chrome\User Data: Системе не удается найти указанный путь. (0x3)
[0502/214822:ERROR:registration_protocol_win.cc(82)] TransactNamedPipe: Канал был закрыт. (0x6D)
[0502/214822:ERROR:crash_report_database_win.cc(549)] CreateDirectory C:\Users\в‚¬Р€В­В РІРјТђСћ Р‹В«ТђР€\AppData\Local\Google\Chrome\User Data: Системе не удается найти указанный путь. (0x3)
[0502/215125:ERROR:crash_report_database_win.cc(549)] CreateDirectory C:\Users\в‚¬Р€В­В РІРјТђСћ Р‹В«ТђР€\AppData\Local\Google\Chrome\User Data: Системе не удается найти указанный путь. (0x3)
[0502/215125:ERROR:registration_protocol_win.cc(82)] TransactNamedPipe: Канал был закрыт. (0x6D)
[0502/215125:ERROR:crash_report_database_win.cc(549)] CreateDirectory C:\Users\в‚¬Р€В­В РІРјТђСћ Р‹В«ТђР€\AppData\Local\Google\Chrome\User Data: Системе не удается найти указанный путь. (0x3)
[0502/230832:ERROR:crash_report_database_win.cc(549)] CreateDirectory C:\Users\в‚¬Р€В­В РІРјТђСћ Р‹В«ТђР€\AppData\Local\Google\Chrome\User Data: Системе не удается найти указанный путь. (0x3)
[0502/230832:ERROR:registration_protocol_win.cc(82)] TransactNamedPipe: Канал был закрыт. (0x6D)
[0502/230832:ERROR:crash_report_database_win.cc(549)] CreateDirectory C:\Users\в‚¬Р€В­В РІРјТђСћ Р‹В«ТђР€\AppData\Local\Google\Chrome\User Data: Системе не удается найти указанный путь. (0x3)
[0502/230932:ERROR:crash_report_database_win.cc(549)] CreateDirectory C:\Users\в‚¬Р€В­В РІРјТђСћ Р‹В«ТђР€\AppData\Local\Google\Chrome\User Data: Системе не удается найти указанный путь. (0x3)
[0502/230932:ERROR:registration_protocol_win.cc(82)] TransactNamedPipe: Канал был закрыт. (0x6D)
[0502/230932:ERROR:crash_report_database_win.cc(549)] CreateDirectory C:\Users\в‚¬Р€В­В РІРјТђСћ Р‹В«ТђР€\AppData\Local\Google\Chrome\User Data: Системе не удается найти указанный путь. (0x3)
[0503/000456:ERROR:crash_report_database_win.cc(549)] CreateDirectory C:\Users\в‚¬Р€В­В РІРјТђСћ Р‹В«ТђР€\AppData\Local\Google\Chrome\User Data: Системе не удается найти указанный путь. (0x3)
[0503/000456:ERROR:registration_protocol_win.cc(82)] TransactNamedPipe: Канал был закрыт. (0x6D)
[0503/000456:ERROR:crash_report_database_win.cc(549)] CreateDirectory C:\Users\в‚¬Р€В­В РІРјТђСћ Р‹В«ТђР€\AppData\Local\Google\Chrome\User Data: Системе не удается найти указанный путь. (0x3)
[0503/001400:ERROR:crash_report_database_win.cc(549)] CreateDirectory C:\Users\в‚¬Р€В­В РІРјТђСћ Р‹В«ТђР€\AppData\Local\Google\Chrome\User Data: Системе не удается найти указанный путь. (0x3)
[0503/001400:ERROR:registration_protocol_win.cc(82)] TransactNamedPipe: Канал был закрыт. (0x6D)
[0503/001400:ERROR:crash_report_database_win.cc(549)] CreateDirectory C:\Users\в‚¬Р€В­В РІРјТђСћ Р‹В«ТђР€\AppData\Local\Google\Chrome\User Data: Системе не удается найти указанный путь. (0x3)
[0503/003900:ERROR:crash_report_database_win.cc(549)] CreateDirectory C:\Users\в‚¬Р€В­В РІРјТђСћ Р‹В«ТђР€\AppData\Local\Google\Chrome\User Data: Системе не удается найти указанный путь. (0x3)
[0503/003900:ERROR:registration_protocol_win.cc(82)] TransactNamedPipe: Канал был закрыт. (0x6D)
[0503/003900:ERROR:crash_report_database_win.cc(549)] CreateDirectory C:\Users\в‚¬Р€В­В РІРјТђСћ Р‹В«ТђР€\AppData\Local\Google\Chrome\User Data: Системе не удается найти указанный путь. (0x3)
[0503/004119:ERROR:crash_report_database_win.cc(549)] CreateDirectory C:\Users\в‚¬Р€В­В РІРјТђСћ Р‹В«ТђР€\AppData\Local\Google\Chrome\User Data: Системе не удается найти указанный путь. (0x3)
[0503/004119:ERROR:registration_protocol_win.cc(82)] TransactNamedPipe: Канал был закрыт. (0x6D)
[0503/004119:ERROR:crash_report_database_win.cc(549)] CreateDirectory C:\Users\в‚¬Р€В­В РІРјТђСћ Р‹В«ТђР€\AppData\Local\Google\Chrome\User Data: Системе не удается найти указанный путь. (0x3)
[0503/113007:ERROR:crash_report_database_win.cc(549)] CreateDirectory C:\Users\в‚¬Р€В­В РІРјТђСћ Р‹В«ТђР€\AppData\Local\Google\Chrome\User Data: Системе не удается найти указанный путь. (0x3)
[0503/113007:ERROR:registration_protocol_win.cc(82)] TransactNamedPipe: Канал был закрыт. (0x6D)
[0503/113007:ERROR:crash_report_database_win.cc(549)] CreateDirectory C:\Users\в‚¬Р€В­В РІРјТђСћ Р‹В«ТђР€\AppData\Local\Google\Chrome\User Data: Системе не удается найти указанный путь. (0x3)
[0503/113053:ERROR:crash_report_database_win.cc(549)] CreateDirectory C:\Users\в‚¬Р€В­В РІРјТђСћ Р‹В«ТђР€\AppData\Local\Google\Chrome\User Data: Системе не удается найти указанный путь. (0x3)
[0503/113053:ERROR:registration_protocol_win.cc(82)] TransactNamedPipe: Канал был закрыт. (0x6D)
[0503/113053:ERROR:crash_report_database_win.cc(549)] CreateDirectory C:\Users\в‚¬Р€В­В РІРјТђСћ Р‹В«ТђР€\AppData\Local\Google\Chrome\User Data: Системе не удается найти указанный путь. (0x3)
[0503/114103:ERROR:crash_report_database_win.cc(549)] CreateDirectory C:\Users\в‚¬Р€В­В РІРјТђСћ Р‹В«ТђР€\AppData\Local\Google\Chrome\User Data: Системе не удается найти указанный путь. (0x3)
[0503/114103:ERROR:registration_protocol_win.cc(82)] TransactNamedPipe: Канал был закрыт. (0x6D)
[0503/114103:ERROR:crash_report_database_win.cc(549)] CreateDirectory C:\Users\в‚¬Р€В­В РІРјТђСћ Р‹В«ТђР€\AppData\Local\Google\Chrome\User Data: Системе не удается найти указанный путь. (0x3)
[0503/114124:ERROR:crash_report_database_win.cc(549)] CreateDirectory C:\Users\в‚¬Р€В­В РІРјТђСћ Р‹В«ТђР€\AppData\Local\Google\Chrome\User Data: Системе не удается найти указанный путь. (0x3)
[0503/114124:ERROR:registration_protocol_win.cc(82)] TransactNamedPipe: Канал был закрыт. (0x6D)
[0503/114124:ERROR:crash_report_database_win.cc(549)] CreateDirectory C:\Users\в‚¬Р€В­В РІРјТђСћ Р‹В«ТђР€\AppData\Local\Google\Chrome\User Data: Системе не удается найти указанный путь. (0x3)
[0503/115954:ERROR:crash_report_database_win.cc(549)] CreateDirectory C:\Users\в‚¬Р€В­В РІРјТђСћ Р‹В«ТђР€\AppData\Local\Google\Chrome\User Data: Системе не удается найти указанный путь. (0x3)
[0503/115954:ERROR:registration_protocol_win.cc(82)] TransactNamedPipe: Канал был закрыт. (0x6D)
[0503/115954:ERROR:crash_report_database_win.cc(549)] CreateDirectory C:\Users\в‚¬Р€В­В РІРјТђСћ Р‹В«ТђР€\AppData\Local\Google\Chrome\User Data: Системе не удается найти указанный путь. (0x3)
[0503/120155:ERROR:crash_report_database_win.cc(549)] CreateDirectory C:\Users\в‚¬Р€В­В РІРјТђСћ Р‹В«ТђР€\AppData\Local\Google\Chrome\User Data: Системе не удается найти указанный путь. (0x3)
[0503/120155:ERROR:registration_protocol_win.cc(82)] TransactNamedPipe: Канал был закрыт. (0x6D)
[0503/120155:ERROR:crash_report_database_win.cc(549)] CreateDirectory C:\Users\в‚¬Р€В­В РІРјТђСћ Р‹В«ТђР€\AppData\Local\Google\Chrome\User Data: Системе не удается найти указанный путь. (0x3)
[0503/120933:ERROR:crash_report_database_win.cc(549)] CreateDirectory C:\Users\в‚¬Р€В­В РІРјТђСћ Р‹В«ТђР€\AppData\Local\Google\Chrome\User Data: Системе не удается найти указанный путь. (0x3)
[0503/120933:ERROR:registration_protocol_win.cc(82)] TransactNamedPipe: Канал был закрыт. (0x6D)
[0503/120933:ERROR:crash_report_database_win.cc(549)] CreateDirectory C:\Users\в‚¬Р€В­В РІРјТђСћ Р‹В«ТђР€\AppData\Local\Google\Chrome\User Data: Системе не удается найти указанный путь. (0x3)
[0503/121419:ERROR:crash_report_database_win.cc(549)] CreateDirectory C:\Users\в‚¬Р€В­В РІРјТђСћ Р‹В«ТђР€\AppData\Local\Google\Chrome\User Data: Системе не удается найти указанный путь. (0x3)
[0503/121419:ERROR:registration_protocol_win.cc(82)] TransactNamedPipe: Канал был закрыт. (0x6D)
[0503/121419:ERROR:crash_report_database_win.cc(549)] CreateDirectory C:\Users\в‚¬Р€В­В РІРјТђСћ Р‹В«ТђР€\AppData\Local\Google\Chrome\User Data: Системе не удается найти указанный путь. (0x3)
[0503/121500:ERROR:crash_report_database_win.cc(549)] CreateDirectory C:\Users\в‚¬Р€В­В РІРјТђСћ Р‹В«ТђР€\AppData\Local\Google\Chrome\User Data: Системе не удается найти указанный путь. (0x3)
[0503/121500:ERROR:registration_protocol_win.cc(82)] TransactNamedPipe: Канал был закрыт. (0x6D)
[0503/121500:ERROR:crash_report_database_win.cc(549)] CreateDirectory C:\Users\в‚¬Р€В­В РІРјТђСћ Р‹В«ТђР€\AppData\Local\Google\Chrome\User Data: Системе не удается найти указанный путь. (0x3)
[0503/121717:ERROR:crash_report_database_win.cc(549)] CreateDirectory C:\Users\в‚¬Р€В­В РІРјТђСћ Р‹В«ТђР€\AppData\Local\Google\Chrome\User Data: Системе не удается найти указанный путь. (0x3)
[0503/121717:ERROR:registration_protocol_win.cc(82)] TransactNamedPipe: Канал был закрыт. (0x6D)
[0503/121717:ERROR:crash_report_database_win.cc(549)] CreateDirectory C:\Users\в‚¬Р€В­В РІРјТђСћ Р‹В«ТђР€\AppData\Local\Google\Chrome\User Data: Системе не удается найти указанный путь. (0x3)
[0503/121825:ERROR:crash_report_database_win.cc(549)] CreateDirectory C:\Users\в‚¬Р€В­В РІРјТђСћ Р‹В«ТђР€\AppData\Local\Google\Chrome\User Data: Системе не удается найти указанный путь. (0x3)
[0503/121825:ERROR:registration_protocol_win.cc(82)] TransactNamedPipe: Канал был закрыт. (0x6D)
[0503/121825:ERROR:crash_report_database_win.cc(549)] CreateDirectory C:\Users\в‚¬Р€В­В РІРјТђСћ Р‹В«ТђР€\AppData\Local\Google\Chrome\User Data: Системе не удается найти указанный путь. (0x3)
[0503/121931:ERROR:crash_report_database_win.cc(549)] CreateDirectory C:\Users\в‚¬Р€В­В РІРјТђСћ Р‹В«ТђР€\AppData\Local\Google\Chrome\User Data: Системе не удается найти указанный путь. (0x3)
[0503/121931:ERROR:registration_protocol_win.cc(82)] TransactNamedPipe: Канал был закрыт. (0x6D)
[0503/121931:ERROR:crash_report_database_win.cc(549)] CreateDirectory C:\Users\в‚¬Р€В­В РІРјТђСћ Р‹В«ТђР€\AppData\Local\Google\Chrome\User Data: Системе не удается найти указанный путь. (0x3)
[0503/122116:ERROR:crash_report_database_win.cc(549)] CreateDirectory C:\Users\в‚¬Р€В­В РІРјТђСћ Р‹В«ТђР€\AppData\Local\Google\Chrome\User Data: Системе не удается найти указанный путь. (0x3)
[0503/122116:ERROR:registration_protocol_win.cc(82)] TransactNamedPipe: Канал был закрыт. (0x6D)
[0503/122116:ERROR:crash_report_database_win.cc(549)] CreateDirectory C:\Users\в‚¬Р€В­В РІРјТђСћ Р‹В«ТђР€\AppData\Local\Google\Chrome\User Data: Системе не удается найти указанный путь. (0x3)
[0503/122411:ERROR:crash_report_database_win.cc(549)] CreateDirectory C:\Users\в‚¬Р€В­В РІРјТђСћ Р‹В«ТђР€\AppData\Local\Google\Chrome\User Data: Системе не удается найти указанный путь. (0x3)
[0503/122411:ERROR:registration_protocol_win.cc(82)] TransactNamedPipe: Канал был закрыт. (0x6D)
[0503/122411:ERROR:crash_report_database_win.cc(549)] CreateDirectory C:\Users\в‚¬Р€В­В РІРјТђСћ Р‹В«ТђР€\AppData\Local\Google\Chrome\User Data: Системе не удается найти указанный путь. (0x3)
[0503/122640:ERROR:crash_report_database_win.cc(549)] CreateDirectory C:\Users\в‚¬Р€В­В РІРјТђСћ Р‹В«ТђР€\AppData\Local\Google\Chrome\User Data: Системе не удается найти указанный путь. (0x3)
[0503/122640:ERROR:registration_protocol_win.cc(82)] TransactNamedPipe: Канал был закрыт. (0x6D)
[0503/122640:ERROR:crash_report_database_win.cc(549)] CreateDirectory C:\Users\в‚¬Р€В­В РІРјТђСћ Р‹В«ТђР€\AppData\Local\Google\Chrome\User Data: Системе не удается найти указанный путь. (0x3)
[0503/123952:ERROR:crash_report_database_win.cc(549)] CreateDirectory C:\Users\в‚¬Р€В­В РІРјТђСћ Р‹В«ТђР€\AppData\Local\Google\Chrome\User Data: Системе не удается найти указанный путь. (0x3)
[0503/123952:ERROR:registration_protocol_win.cc(82)] TransactNamedPipe: Канал был закрыт. (0x6D)
[0503/123952:ERROR:crash_report_database_win.cc(549)] CreateDirectory C:\Users\в‚¬Р€В­В РІРјТђСћ Р‹В«ТђР€\AppData\Local\Google\Chrome\User Data: Системе не удается найти указанный путь. (0x3)
[0503/124056:ERROR:crash_report_database_win.cc(549)] CreateDirectory C:\Users\в‚¬Р€В­В РІРјТђСћ Р‹В«ТђР€\AppData\Local\Google\Chrome\User Data: Системе не удается найти указанный путь. (0x3)
[0503/124056:ERROR:registration_protocol_win.cc(82)] TransactNamedPipe: Канал был закрыт. (0x6D)
[0503/124056:ERROR:crash_report_database_win.cc(549)] CreateDirectory C:\Users\в‚¬Р€В­В РІРјТђСћ Р‹В«ТђР€\AppData\Local\Google\Chrome\User Data: Системе не удается найти указанный путь. (0x3)
[0503/124158:ERROR:crash_report_database_win.cc(549)] CreateDirectory C:\Users\в‚¬Р€В­В РІРјТђСћ Р‹В«ТђР€\AppData\Local\Google\Chrome\User Data: Системе не удается найти указанный путь. (0x3)
[0503/124158:ERROR:registration_protocol_win.cc(82)] TransactNamedPipe: Канал был закрыт. (0x6D)
[0503/124158:ERROR:crash_report_database_win.cc(549)] CreateDirectory C:\Users\в‚¬Р€В­В РІРјТђСћ Р‹В«ТђР€\AppData\Local\Google\Chrome\User Data: Системе не удается найти указанный путь. (0x3)
[0503/124822:ERROR:crash_report_database_win.cc(549)] CreateDirectory C:\Users\в‚¬Р€В­В РІРјТђСћ Р‹В«ТђР€\AppData\Local\Google\Chrome\User Data: Системе не удается найти указанный путь. (0x3)
[0503/124822:ERROR:registration_protocol_win.cc(82)] TransactNamedPipe: Канал был закрыт. (0x6D)
[0503/124822:ERROR:crash_report_database_win.cc(549)] CreateDirectory C:\Users\в‚¬Р€В­В РІРјТђСћ Р‹В«ТђР€\AppData\Local\Google\Chrome\User Data: Системе не удается найти указанный путь. (0x3)
[0503/130104:ERROR:crash_report_database_win.cc(549)] CreateDirectory C:\Users\в‚¬Р€В­В РІРјТђСћ Р‹В«ТђР€\AppData\Local\Google\Chrome\User Data: Системе не удается найти указанный путь. (0x3)
[0503/130104:ERROR:registration_protocol_win.cc(82)] TransactNamedPipe: Канал был закрыт. (0x6D)
[0503/130104:ERROR:crash_report_database_win.cc(549)] CreateDirectory C:\Users\в‚¬Р€В­В РІРјТђСћ Р‹В«ТђР€\AppData\Local\Google\Chrome\User Data: Системе не удается найти указанный путь. (0x3)
[0503/131033:ERROR:crash_report_database_win.cc(549)] CreateDirectory C:\Users\в‚¬Р€В­В РІРјТђСћ Р‹В«ТђР€\AppData\Local\Google\Chrome\User Data: Системе не удается найти указанный путь. (0x3)
[0503/131033:ERROR:registration_protocol_win.cc(82)] TransactNamedPipe: Канал был закрыт. (0x6D)
[0503/131033:ERROR:crash_report_database_win.cc(549)] CreateDirectory C:\Users\в‚¬Р€В­В РІРјТђСћ Р‹В«ТђР€\AppData\Local\Google\Chrome\User Data: Системе не удается найти указанный путь. (0x3)
[0503/131312:ERROR:crash_report_database_win.cc(549)] CreateDirectory C:\Users\в‚¬Р€В­В РІРјТђСћ Р‹В«ТђР€\AppData\Local\Google\Chrome\User Data: Системе не удается найти указанный путь. (0x3)
[0503/131312:ERROR:registration_protocol_win.cc(82)] TransactNamedPipe: Канал был закрыт. (0x6D)
[0503/131312:ERROR:crash_report_database_win.cc(549)] CreateDirectory C:\Users\в‚¬Р€В­В РІРјТђСћ Р‹В«ТђР€\AppData\Local\Google\Chrome\User Data: Системе не удается найти указанный путь. (0x3)
[0503/131645:ERROR:crash_report_database_win.cc(549)] CreateDirectory C:\Users\в‚¬Р€В­В РІРјТђСћ Р‹В«ТђР€\AppData\Local\Google\Chrome\User Data: Системе не удается найти указанный путь. (0x3)
[0503/131645:ERROR:registration_protocol_win.cc(82)] TransactNamedPipe: Канал был закрыт. (0x6D)
[0503/131645:ERROR:crash_report_database_win.cc(549)] CreateDirectory C:\Users\в‚¬Р€В­В РІРјТђСћ Р‹В«ТђР€\AppData\Local\Google\Chrome\User Data: Системе не удается найти указанный путь. (0x3)
[0503/132519:ERROR:crash_report_database_win.cc(549)] CreateDirectory C:\Users\в‚¬Р€В­В РІРјТђСћ Р‹В«ТђР€\AppData\Local\Google\Chrome\User Data: Системе не удается найти указанный путь. (0x3)
[0503/132519:ERROR:registration_protocol_win.cc(82)] TransactNamedPipe: Канал был закрыт. (0x6D)
[0503/132519:ERROR:crash_report_database_win.cc(549)] CreateDirectory C:\Users\в‚¬Р€В­В РІРјТђСћ Р‹В«ТђР€\AppData\Local\Google\Chrome\User Data: Системе не удается найти указанный путь. (0x3)
[0503/134253:ERROR:crash_report_database_win.cc(549)] CreateDirectory C:\Users\в‚¬Р€В­В РІРјТђСћ Р‹В«ТђР€\AppData\Local\Google\Chrome\User Data: Системе не удается найти указанный путь. (0x3)
[0503/134253:ERROR:registration_protocol_win.cc(82)] TransactNamedPipe: Канал был закрыт. (0x6D)
[0503/134253:ERROR:crash_report_database_win.cc(549)] CreateDirectory C:\Users\в‚¬Р€В­В РІРјТђСћ Р‹В«ТђР€\AppData\Local\Google\Chrome\User Data: Системе не удается найти указанный путь. (0x3)
[0503/135414:ERROR:crash_report_database_win.cc(549)] CreateDirectory C:\Users\в‚¬Р€В­В РІРјТђСћ Р‹В«ТђР€\AppData\Local\Google\Chrome\User Data: Системе не удается найти указанный путь. (0x3)
[0503/135414:ERROR:registration_protocol_win.cc(82)] TransactNamedPipe: Канал был закрыт. (0x6D)
[0503/135414:ERROR:crash_report_database_win.cc(549)] CreateDirectory C:\Users\в‚¬Р€В­В РІРјТђСћ Р‹В«ТђР€\AppData\Local\Google\Chrome\User Data: Системе не удается найти указанный путь. (0x3)
[0503/140417:ERROR:crash_report_database_win.cc(549)] CreateDirectory C:\Users\в‚¬Р€В­В РІРјТђСћ Р‹В«ТђР€\AppData\Local\Google\Chrome\User Data: Системе не удается найти указанный путь. (0x3)
[0503/140417:ERROR:registration_protocol_win.cc(82)] TransactNamedPipe: Канал был закрыт. (0x6D)
[0503/140417:ERROR:crash_report_database_win.cc(549)] CreateDirectory C:\Users\в‚¬Р€В­В РІРјТђСћ Р‹В«ТђР€\AppData\Local\Google\Chrome\User Data: Системе не удается найти указанный путь. (0x3)
[0503/141023:ERROR:crash_report_database_win.cc(549)] CreateDirectory C:\Users\в‚¬Р€В­В РІРјТђСћ Р‹В«ТђР€\AppData\Local\Google\Chrome\User Data: Системе не удается найти указанный путь. (0x3)
[0503/141023:ERROR:registration_protocol_win.cc(82)] TransactNamedPipe: Канал был закрыт. (0x6D)
[0503/141023:ERROR:crash_report_database_win.cc(549)] CreateDirectory C:\Users\в‚¬Р€В­В РІРјТђСћ Р‹В«ТђР€\AppData\Local\Google\Chrome\User Data: Системе не удается найти указанный путь. (0x3)
[0503/142629:ERROR:crash_report_database_win.cc(549)] CreateDirectory C:\Users\в‚¬Р€В­В РІРјТђСћ Р‹В«ТђР€\AppData\Local\Google\Chrome\User Data: Системе не удается найти указанный путь. (0x3)
[0503/142629:ERROR:registration_protocol_win.cc(82)] TransactNamedPipe: Канал был закрыт. (0x6D)
[0503/142629:ERROR:crash_report_database_win.cc(549)] CreateDirectory C:\Users\в‚¬Р€В­В РІРјТђСћ Р‹В«ТђР€\AppData\Local\Google\Chrome\User Data: Системе не удается найти указанный путь. (0x3)
[0503/142752:ERROR:crash_report_database_win.cc(549)] CreateDirectory C:\Users\в‚¬Р€В­В РІРјТђСћ Р‹В«ТђР€\AppData\Local\Google\Chrome\User Data: Системе не удается найти указанный путь. (0x3)
[0503/142752:ERROR:registration_protocol_win.cc(82)] TransactNamedPipe: Канал был закрыт. (0x6D)
[0503/142752:ERROR:crash_report_database_win.cc(549)] CreateDirectory C:\Users\в‚¬Р€В­В РІРјТђСћ Р‹В«ТђР€\AppData\Local\Google\Chrome\User Data: Системе не удается найти указанный путь. (0x3)
[0503/142831:ERROR:crash_report_database_win.cc(549)] CreateDirectory C:\Users\в‚¬Р€В­В РІРјТђСћ Р‹В«ТђР€\AppData\Local\Google\Chrome\User Data: Системе не удается найти указанный путь. (0x3)
[0503/142831:ERROR:registration_protocol_win.cc(82)] TransactNamedPipe: Канал был закрыт. (0x6D)
[0503/142831:ERROR:crash_report_database_win.cc(549)] CreateDirectory C:\Users\в‚¬Р€В­В РІРјТђСћ Р‹В«ТђР€\AppData\Local\Google\Chrome\User Data: Системе не удается найти указанный путь. (0x3)
[0503/142903:ERROR:crash_report_database_win.cc(549)] CreateDirectory C:\Users\в‚¬Р€В­В РІРјТђСћ Р‹В«ТђР€\AppData\Local\Google\Chrome\User Data: Системе не удается найти указанный путь. (0x3)
[0503/142903:ERROR:registration_protocol_win.cc(82)] TransactNamedPipe: Канал был закрыт. (0x6D)
[0503/142903:ERROR:crash_report_database_win.cc(549)] CreateDirectory C:\Users\в‚¬Р€В­В РІРјТђСћ Р‹В«ТђР€\AppData\Local\Google\Chrome\User Data: Системе не удается найти указанный путь. (0x3)
[0503/142928:ERROR:crash_report_database_win.cc(549)] CreateDirectory C:\Users\в‚¬Р€В­В РІРјТђСћ Р‹В«ТђР€\AppData\Local\Google\Chrome\User Data: Системе не удается найти указанный путь. (0x3)
[0503/142928:ERROR:registration_protocol_win.cc(82)] TransactNamedPipe: Канал был закрыт. (0x6D)
[0503/142928:ERROR:crash_report_database_win.cc(549)] CreateDirectory C:\Users\в‚¬Р€В­В РІРјТђСћ Р‹В«ТђР€\AppData\Local\Google\Chrome\User Data: Системе не удается найти указанный путь. (0x3)
[0503/143006:ERROR:crash_report_database_win.cc(549)] CreateDirectory C:\Users\в‚¬Р€В­В РІРјТђСћ Р‹В«ТђР€\AppData\Local\Google\Chrome\User Data: Системе не удается найти указанный путь. (0x3)
[0503/143006:ERROR:registration_protocol_win.cc(82)] TransactNamedPipe: Канал был закрыт. (0x6D)
[0503/143006:ERROR:crash_report_database_win.cc(549)] CreateDirectory C:\Users\в‚¬Р€В­В РІРјТђСћ Р‹В«ТђР€\AppData\Local\Google\Chrome\User Data: Системе не удается найти указанный путь. (0x3)
[0503/143115:ERROR:crash_report_database_win.cc(549)] CreateDirectory C:\Users\в‚¬Р€В­В РІРјТђСћ Р‹В«ТђР€\AppData\Local\Google\Chrome\User Data: Системе не удается найти указанный путь. (0x3)
[0503/143115:ERROR:registration_protocol_win.cc(82)] TransactNamedPipe: Канал был закрыт. (0x6D)
[0503/143115:ERROR:crash_report_database_win.cc(549)] CreateDirectory C:\Users\в‚¬Р€В­В РІРјТђСћ Р‹В«ТђР€\AppData\Local\Google\Chrome\User Data: Системе не удается найти указанный путь. (0x3)
[0503/143458:ERROR:crash_report_database_win.cc(549)] CreateDirectory C:\Users\в‚¬Р€В­В РІРјТђСћ Р‹В«ТђР€\AppData\Local\Google\Chrome\User Data: Системе не удается найти указанный путь. (0x3)
[0503/143458:ERROR:registration_protocol_win.cc(82)] TransactNamedPipe: Канал был закрыт. (0x6D)
[0503/143458:ERROR:crash_report_database_win.cc(549)] CreateDirectory C:\Users\в‚¬Р€В­В РІРјТђСћ Р‹В«ТђР€\AppData\Local\Google\Chrome\User Data: Системе не удается найти указанный путь. (0x3)
[0503/143547:ERROR:crash_report_database_win.cc(549)] CreateDirectory C:\Users\в‚¬Р€В­В РІРјТђСћ Р‹В«ТђР€\AppData\Local\Google\Chrome\User Data: Системе не удается найти указанный путь. (0x3)
[0503/143547:ERROR:registration_protocol_win.cc(82)] TransactNamedPipe: Канал был закрыт. (0x6D)
[0503/143547:ERROR:crash_report_database_win.cc(549)] CreateDirectory C:\Users\в‚¬Р€В­В РІРјТђСћ Р‹В«ТђР€\AppData\Local\Google\Chrome\User Data: Системе не удается найти указанный путь. (0x3)
[0503/143739:ERROR:crash_report_database_win.cc(549)] CreateDirectory C:\Users\в‚¬Р€В­В РІРјТђСћ Р‹В«ТђР€\AppData\Local\Google\Chrome\User Data: Системе не удается найти указанный путь. (0x3)
[0503/143739:ERROR:registration_protocol_win.cc(82)] TransactNamedPipe: Канал был закрыт. (0x6D)
[0503/143739:ERROR:crash_report_database_win.cc(549)] CreateDirectory C:\Users\в‚¬Р€В­В РІРјТђСћ Р‹В«ТђР€\AppData\Local\Google\Chrome\User Data: Системе не удается найти указанный путь. (0x3)
[0503/143827:ERROR:crash_report_database_win.cc(549)] CreateDirectory C:\Users\в‚¬Р€В­В РІРјТђСћ Р‹В«ТђР€\AppData\Local\Google\Chrome\User Data: Системе не удается найти указанный путь. (0x3)
[0503/143827:ERROR:registration_protocol_win.cc(82)] TransactNamedPipe: Канал был закрыт. (0x6D)
[0503/143827:ERROR:crash_report_database_win.cc(549)] CreateDirectory C:\Users\в‚¬Р€В­В РІРјТђСћ Р‹В«ТђР€\AppData\Local\Google\Chrome\User Data: Системе не удается найти указанный путь. (0x3)
[0503/143916:ERROR:crash_report_database_win.cc(549)] CreateDirectory C:\Users\в‚¬Р€В­В РІРјТђСћ Р‹В«ТђР€\AppData\Local\Google\Chrome\User Data: Системе не удается найти указанный путь. (0x3)
[0503/143916:ERROR:registration_protocol_win.cc(82)] TransactNamedPipe: Канал был закрыт. (0x6D)
[0503/143916:ERROR:crash_report_database_win.cc(549)] CreateDirectory C:\Users\в‚¬Р€В­В РІРјТђСћ Р‹В«ТђР€\AppData\Local\Google\Chrome\User Data: Системе не удается найти указанный путь. (0x3)
[0503/144024:ERROR:crash_report_database_win.cc(549)] CreateDirectory C:\Users\в‚¬Р€В­В РІРјТђСћ Р‹В«ТђР€\AppData\Local\Google\Chrome\User Data: Системе не удается найти указанный путь. (0x3)
[0503/144024:ERROR:registration_protocol_win.cc(82)] TransactNamedPipe: Канал был закрыт. (0x6D)
[0503/144024:ERROR:crash_report_database_win.cc(549)] CreateDirectory C:\Users\в‚¬Р€В­В РІРјТђСћ Р‹В«ТђР€\AppData\Local\Google\Chrome\User Data: Системе не удается найти указанный путь. (0x3)
[0503/144139:ERROR:crash_report_database_win.cc(549)] CreateDirectory C:\Users\в‚¬Р€В­В РІРјТђСћ Р‹В«ТђР€\AppData\Local\Google\Chrome\User Data: Системе не удается найти указанный путь. (0x3)
[0503/144139:ERROR:registration_protocol_win.cc(82)] TransactNamedPipe: Канал был закрыт. (0x6D)
[0503/144139:ERROR:crash_report_database_win.cc(549)] CreateDirectory C:\Users\в‚¬Р€В­В РІРјТђСћ Р‹В«ТђР€\AppData\Local\Google\Chrome\User Data: Системе не удается найти указанный путь. (0x3)
[0503/144336:ERROR:crash_report_database_win.cc(549)] CreateDirectory C:\Users\в‚¬Р€В­В РІРјТђСћ Р‹В«ТђР€\AppData\Local\Google\Chrome\User Data: Системе не удается найти указанный путь. (0x3)
[0503/144336:ERROR:registration_protocol_win.cc(82)] TransactNamedPipe: Канал был закрыт. (0x6D)
[0503/144336:ERROR:crash_report_database_win.cc(549)] CreateDirectory C:\Users\в‚¬Р€В­В РІРјТђСћ Р‹В«ТђР€\AppData\Local\Google\Chrome\User Data: Системе не удается найти указанный путь. (0x3)
[0503/144543:ERROR:crash_report_database_win.cc(549)] CreateDirectory C:\Users\в‚¬Р€В­В РІРјТђСћ Р‹В«ТђР€\AppData\Local\Google\Chrome\User Data: Системе не удается найти указанный путь. (0x3)
[0503/144543:ERROR:registration_protocol_win.cc(82)] TransactNamedPipe: Канал был закрыт. (0x6D)
[0503/144543:ERROR:crash_report_database_win.cc(549)] CreateDirectory C:\Users\в‚¬Р€В­В РІРјТђСћ Р‹В«ТђР€\AppData\Local\Google\Chrome\User Data: Системе не удается найти указанный путь. (0x3)
[0503/144707:ERROR:crash_report_database_win.cc(549)] CreateDirectory C:\Users\в‚¬Р€В­В РІРјТђСћ Р‹В«ТђР€\AppData\Local\Google\Chrome\User Data: Системе не удается найти указанный путь. (0x3)
[0503/144707:ERROR:registration_protocol_win.cc(82)] TransactNamedPipe: Канал был закрыт. (0x6D)
[0503/144707:ERROR:crash_report_database_win.cc(549)] CreateDirectory C:\Users\в‚¬Р€В­В РІРјТђСћ Р‹В«ТђР€\AppData\Local\Google\Chrome\User Data: Системе не удается найти указанный путь. (0x3)
[0503/145412:ERROR:crash_report_database_win.cc(549)] CreateDirectory C:\Users\в‚¬Р€В­В РІРјТђСћ Р‹В«ТђР€\AppData\Local\Google\Chrome\User Data: Системе не удается найти указанный путь. (0x3)
[0503/145412:ERROR:registration_protocol_win.cc(82)] TransactNamedPipe: Канал был закрыт. (0x6D)
[0503/145412:ERROR:crash_report_database_win.cc(549)] CreateDirectory C:\Users\в‚¬Р€В­В РІРјТђСћ Р‹В«ТђР€\AppData\Local\Google\Chrome\User Data: Системе не удается найти указанный путь. (0x3)
[0503/145451:ERROR:crash_report_database_win.cc(549)] CreateDirectory C:\Users\в‚¬Р€В­В РІРјТђСћ Р‹В«ТђР€\AppData\Local\Google\Chrome\User Data: Системе не удается найти указанный путь. (0x3)
[0503/145451:ERROR:registration_protocol_win.cc(82)] TransactNamedPipe: Канал был закрыт. (0x6D)
[0503/145451:ERROR:crash_report_database_win.cc(549)] CreateDirectory C:\Users\в‚¬Р€В­В РІРјТђСћ Р‹В«ТђР€\AppData\Local\Google\Chrome\User Data: Системе не удается найти указанный путь. (0x3)
[0503/145908:ERROR:crash_report_database_win.cc(549)] CreateDirectory C:\Users\в‚¬Р€В­В РІРјТђСћ Р‹В«ТђР€\AppData\Local\Google\Chrome\User Data: Системе не удается найти указанный путь. (0x3)
[0503/145908:ERROR:registration_protocol_win.cc(82)] TransactNamedPipe: Канал был закрыт. (0x6D)
[0503/145908:ERROR:crash_report_database_win.cc(549)] CreateDirectory C:\Users\в‚¬Р€В­В РІРјТђСћ Р‹В«ТђР€\AppData\Local\Google\Chrome\User Data: Системе не удается найти указанный путь. (0x3)
[0503/154409:ERROR:crash_report_database_win.cc(549)] CreateDirectory C:\Users\в‚¬Р€В­В РІРјТђСћ Р‹В«ТђР€\AppData\Local\Google\Chrome\User Data: Системе не удается найти указанный путь. (0x3)
[0503/154409:ERROR:registration_protocol_win.cc(82)] TransactNamedPipe: Канал был закрыт. (0x6D)
[0503/154409:ERROR:crash_report_database_win.cc(549)] CreateDirectory C:\Users\в‚¬Р€В­В РІРјТђСћ Р‹В«ТђР€\AppData\Local\Google\Chrome\User Data: Системе не удается найти указанный путь. (0x3)
[0503/154435:ERROR:crash_report_database_win.cc(549)] CreateDirectory C:\Users\в‚¬Р€В­В РІРјТђСћ Р‹В«ТђР€\AppData\Local\Google\Chrome\User Data: Системе не удается найти указанный путь. (0x3)
[0503/154435:ERROR:registration_protocol_win.cc(82)] TransactNamedPipe: Канал был закрыт. (0x6D)
[0503/154435:ERROR:crash_report_database_win.cc(549)] CreateDirectory C:\Users\в‚¬Р€В­В РІРјТђСћ Р‹В«ТђР€\AppData\Local\Google\Chrome\User Data: Системе не удается найти указанный путь. (0x3)
[0503/154602:ERROR:crash_report_database_win.cc(549)] CreateDirectory C:\Users\в‚¬Р€В­В РІРјТђСћ Р‹В«ТђР€\AppData\Local\Google\Chrome\User Data: Системе не удается найти указанный путь. (0x3)
[0503/154602:ERROR:registration_protocol_win.cc(82)] TransactNamedPipe: Канал был закрыт. (0x6D)
[0503/154602:ERROR:crash_report_database_win.cc(549)] CreateDirectory C:\Users\в‚¬Р€В­В РІРјТђСћ Р‹В«ТђР€\AppData\Local\Google\Chrome\User Data: Системе не удается найти указанный путь. (0x3)
[0503/154728:ERROR:crash_report_database_win.cc(549)] CreateDirectory C:\Users\в‚¬Р€В­В РІРјТђСћ Р‹В«ТђР€\AppData\Local\Google\Chrome\User Data: Системе не удается найти указанный путь. (0x3)
[0503/154728:ERROR:registration_protocol_win.cc(82)] TransactNamedPipe: Канал был закрыт. (0x6D)
[0503/154728:ERROR:crash_report_database_win.cc(549)] CreateDirectory C:\Users\в‚¬Р€В­В РІРјТђСћ Р‹В«ТђР€\AppData\Local\Google\Chrome\User Data: Системе не удается найти указанный путь. (0x3)
[0503/170012:ERROR:crash_report_database_win.cc(549)] CreateDirectory C:\Users\в‚¬Р€В­В РІРјТђСћ Р‹В«ТђР€\AppData\Local\Google\Chrome\User Data: Системе не удается найти указанный путь. (0x3)
[0503/170012:ERROR:registration_protocol_win.cc(82)] TransactNamedPipe: Канал был закрыт. (0x6D)
[0503/170012:ERROR:crash_report_database_win.cc(549)] CreateDirectory C:\Users\в‚¬Р€В­В РІРјТђСћ Р‹В«ТђР€\AppData\Local\Google\Chrome\User Data: Системе не удается найти указанный путь. (0x3)
[0503/170202:ERROR:crash_report_database_win.cc(549)] CreateDirectory C:\Users\в‚¬Р€В­В РІРјТђСћ Р‹В«ТђР€\AppData\Local\Google\Chrome\User Data: Системе не удается найти указанный путь. (0x3)
[0503/170202:ERROR:registration_protocol_win.cc(82)] TransactNamedPipe: Канал был закрыт. (0x6D)
[0503/170202:ERROR:crash_report_database_win.cc(549)] CreateDirectory C:\Users\в‚¬Р€В­В РІРјТђСћ Р‹В«ТђР€\AppData\Local\Google\Chrome\User Data: Системе не удается найти указанный путь. (0x3)
[0503/170309:ERROR:crash_report_database_win.cc(549)] CreateDirectory C:\Users\в‚¬Р€В­В РІРјТђСћ Р‹В«ТђР€\AppData\Local\Google\Chrome\User Data: Системе не удается найти указанный путь. (0x3)
[0503/170309:ERROR:registration_protocol_win.cc(82)] TransactNamedPipe: Канал был закрыт. (0x6D)
[0503/170309:ERROR:crash_report_database_win.cc(549)] CreateDirectory C:\Users\в‚¬Р€В­В РІРјТђСћ Р‹В«ТђР€\AppData\Local\Google\Chrome\User Data: Системе не удается найти указанный путь. (0x3)
[0503/170417:ERROR:crash_report_database_win.cc(549)] CreateDirectory C:\Users\в‚¬Р€В­В РІРјТђСћ Р‹В«ТђР€\AppData\Local\Google\Chrome\User Data: Системе не удается найти указанный путь. (0x3)
[0503/170417:ERROR:registration_protocol_win.cc(82)] TransactNamedPipe: Канал был закрыт. (0x6D)
[0503/170417:ERROR:crash_report_database_win.cc(549)] CreateDirectory C:\Users\в‚¬Р€В­В РІРјТђСћ Р‹В«ТђР€\AppData\Local\Google\Chrome\User Data: Системе не удается найти указанный путь. (0x3)
[0503/170455:ERROR:crash_report_database_win.cc(549)] CreateDirectory C:\Users\в‚¬Р€В­В РІРјТђСћ Р‹В«ТђР€\AppData\Local\Google\Chrome\User Data: Системе не удается найти указанный путь. (0x3)
[0503/170455:ERROR:registration_protocol_win.cc(82)] TransactNamedPipe: Канал был закрыт. (0x6D)
[0503/170455:ERROR:crash_report_database_win.cc(549)] CreateDirectory C:\Users\в‚¬Р€В­В РІРјТђСћ Р‹В«ТђР€\AppData\Local\Google\Chrome\User Data: Системе не удается найти указанный путь. (0x3)
[0503/171658:ERROR:crash_report_database_win.cc(549)] CreateDirectory C:\Users\в‚¬Р€В­В РІРјТђСћ Р‹В«ТђР€\AppData\Local\Google\Chrome\User Data: Системе не удается найти указанный путь. (0x3)
[0503/171658:ERROR:registration_protocol_win.cc(82)] TransactNamedPipe: Канал был закрыт. (0x6D)
[0503/171658:ERROR:crash_report_database_win.cc(549)] CreateDirectory C:\Users\в‚¬Р€В­В РІРјТђСћ Р‹В«ТђР€\AppData\Local\Google\Chrome\User Data: Системе не удается найти указанный путь. (0x3)
[0503/172128:ERROR:crash_report_database_win.cc(549)] CreateDirectory C:\Users\в‚¬Р€В­В РІРјТђСћ Р‹В«ТђР€\AppData\Local\Google\Chrome\User Data: Системе не удается найти указанный путь. (0x3)
[0503/172128:ERROR:registration_protocol_win.cc(82)] TransactNamedPipe: Канал был закрыт. (0x6D)
[0503/172128:ERROR:crash_report_database_win.cc(549)] CreateDirectory C:\Users\в‚¬Р€В­В РІРјТђСћ Р‹В«ТђР€\AppData\Local\Google\Chrome\User Data: Системе не удается найти указанный путь. (0x3)
[0503/183810:ERROR:crash_report_database_win.cc(549)] CreateDirectory C:\Users\в‚¬Р€В­В РІРјТђСћ Р‹В«ТђР€\AppData\Local\Google\Chrome\User Data: Системе не удается найти указанный путь. (0x3)
[0503/183810:ERROR:registration_protocol_win.cc(82)] TransactNamedPipe: Канал был закрыт. (0x6D)
[0503/183810:ERROR:crash_report_database_win.cc(549)] CreateDirectory C:\Users\в‚¬Р€В­В РІРјТђСћ Р‹В«ТђР€\AppData\Local\Google\Chrome\User Data: Системе не удается найти указанный путь. (0x3)
[0503/193136:ERROR:crash_report_database_win.cc(549)] CreateDirectory C:\Users\в‚¬Р€В­В РІРјТђСћ Р‹В«ТђР€\AppData\Local\Google\Chrome\User Data: Системе не удается найти указанный путь. (0x3)
[0503/193136:ERROR:registration_protocol_win.cc(82)] TransactNamedPipe: Канал был закрыт. (0x6D)
[0503/193136:ERROR:crash_report_database_win.cc(549)] CreateDirectory C:\Users\в‚¬Р€В­В РІРјТђСћ Р‹В«ТђР€\AppData\Local\Google\Chrome\User Data: Системе не удается найти указанный путь. (0x3)
[0503/193433:ERROR:crash_report_database_win.cc(549)] CreateDirectory C:\Users\в‚¬Р€В­В РІРјТђСћ Р‹В«ТђР€\AppData\Local\Google\Chrome\User Data: Системе не удается найти указанный путь. (0x3)
[0503/193433:ERROR:registration_protocol_win.cc(82)] TransactNamedPipe: Канал был закрыт. (0x6D)
[0503/193433:ERROR:crash_report_database_win.cc(549)] CreateDirectory C:\Users\в‚¬Р€В­В РІРјТђСћ Р‹В«ТђР€\AppData\Local\Google\Chrome\User Data: Системе не удается найти указанный путь. (0x3)
[0505/091207:ERROR:crash_report_database_win.cc(549)] CreateDirectory C:\Users\в‚¬Р€В­В РІРјТђСћ Р‹В«ТђР€\AppData\Local\Google\Chrome\User Data: Системе не удается найти указанный путь. (0x3)
[0505/091207:ERROR:registration_protocol_win.cc(82)] TransactNamedPipe: Канал был закрыт. (0x6D)
[0505/091207:ERROR:crash_report_database_win.cc(549)] CreateDirectory C:\Users\в‚¬Р€В­В РІРјТђСћ Р‹В«ТђР€\AppData\Local\Google\Chrome\User Data: Системе не удается найти указанный путь. (0x3)
[0505/091644:ERROR:crash_report_database_win.cc(549)] CreateDirectory C:\Users\в‚¬Р€В­В РІРјТђСћ Р‹В«ТђР€\AppData\Local\Google\Chrome\User Data: Системе не удается найти указанный путь. (0x3)
[0505/091644:ERROR:registration_protocol_win.cc(82)] TransactNamedPipe: Канал был закрыт. (0x6D)
[0505/091644:ERROR:crash_report_database_win.cc(549)] CreateDirectory C:\Users\в‚¬Р€В­В РІРјТђСћ Р‹В«ТђР€\AppData\Local\Google\Chrome\User Data: Системе не удается найти указанный путь. (0x3)
[0505/092227:ERROR:crash_report_database_win.cc(549)] CreateDirectory C:\Users\в‚¬Р€В­В РІРјТђСћ Р‹В«ТђР€\AppData\Local\Google\Chrome\User Data: Системе не удается найти указанный путь. (0x3)
[0505/092227:ERROR:registration_protocol_win.cc(82)] TransactNamedPipe: Канал был закрыт. (0x6D)
[0505/092227:ERROR:crash_report_database_win.cc(549)] CreateDirectory C:\Users\в‚¬Р€В­В РІРјТђСћ Р‹В«ТђР€\AppData\Local\Google\Chrome\User Data: Системе не удается найти указанный путь. (0x3)
